<?xml version="1.0" encoding="utf-8"?><testsuites name="pytest tests"><testsuite name="pytest" errors="0" failures="0" skipped="0" tests="111" time="22.443" timestamp="2026-07-22T11:43:35.596546+08:00" hostname="LAPTOP-8251QOJI"><testcase classname="tests.test_manuscript_completion" name="test_exactly_twelve_real_operated_modes_and_no_phantom_review_pack" time="0.343" /><testcase classname="tests.test_manuscript_completion" name="test_all_seventeen_gold_cases_remain_the_single_completion_matrix" time="0.001" /><testcase classname="tests.test_manuscript_completion" name="test_director_packet_is_a_real_markdown_first_entry_for_an_operated_run" time="0.104" /><testcase classname="tests.test_manuscript_completion" name="test_d07_calls_no_search_before_local_coverage_names_a_deficit" time="0.008" /><testcase classname="tests.test_manuscript_completion" name="test_every_director_entry_is_synchronized_to_the_two_operated_manuscript_products" time="0.003" /><testcase classname="tests.test_capability_catalog" name="test_capability_catalog_is_schema_valid_and_no_write_surface" time="0.222" /><testcase classname="tests.test_capability_catalog" name="test_operated_modes_are_exactly_the_real_operate_registry" time="0.217" /><testcase classname="tests.test_capability_catalog" name="test_spec_only_modes_are_honestly_not_push_button" time="0.210" /><testcase classname="tests.test_capability_catalog" name="test_every_spec_only_mode_has_a_machine_readable_target_product_contract" time="0.221" /><testcase classname="tests.test_capability_catalog" name="test_spec_only_maturity_matrix_and_target_markdown_paths_are_pinned" time="0.452" /><testcase classname="tests.test_capability_catalog" name="test_manuscript_modes_are_distinct_operated_contracts_with_no_phantom_review_pack" time="0.319" /><testcase classname="tests.test_capability_catalog" name="test_capability_catalog_rejects_a_yaml_only_manuscript_operated_claim" time="0.236" /><testcase classname="tests.test_capability_catalog" name="test_manuscript_authoring_contract_is_sparse_adaptive_and_section_complete" time="0.093" /><testcase classname="tests.test_capability_catalog" name="test_manuscript_review_contract_requires_blind_capability_closure_and_join" time="0.216" /><testcase classname="tests.test_capability_catalog" name="test_aers_pack_and_m2_accept_keep_execution_claims_honest" time="0.294" /><testcase classname="tests.test_capability_catalog" name="test_catalog_validation_rejects_missing_contract_and_unknown_pipeline_worker" time="0.271" /><testcase classname="tests.test_capability_catalog" name="test_capability_schema_requires_product_contract_for_spec_only_rows" time="0.379" /><testcase classname="tests.test_capability_catalog" name="test_server_and_execute_boundaries_are_explicit" time="0.281" /><testcase classname="tests.test_capability_catalog" name="test_query_modes_filters_without_hiding_honesty_fields" time="0.770" /><testcase classname="tests.test_capability_catalog" name="test_capability_catalog_cli_rejects_default_vault_out" time="0.271" /><testcase classname="tests.test_operate_wiring" name="test_operated_flags_mirror_the_registry_exactly" time="0.094" /><testcase classname="tests.test_operate_wiring" name="test_manuscript_operated_entries_are_distinct_concrete_recipes" time="0.094" /><testcase classname="tests.test_operate_wiring" name="test_graph_and_registry_still_validate" time="0.114" /><testcase classname="tests.test_operate_wiring" name="test_every_wired_mode_resolves_routes_and_carries_the_north_star[deep_ideation]" time="0.344" /><testcase classname="tests.test_operate_wiring" name="test_every_wired_mode_resolves_routes_and_carries_the_north_star[deep_research]" time="0.355" /><testcase classname="tests.test_operate_wiring" name="test_every_wired_mode_resolves_routes_and_carries_the_north_star[evidence_deep]" time="0.320" /><testcase classname="tests.test_operate_wiring" name="test_every_wired_mode_resolves_routes_and_carries_the_north_star[evidence_review]" time="0.339" /><testcase classname="tests.test_operate_wiring" name="test_every_wired_mode_resolves_routes_and_carries_the_north_star[full_rigor_minimal]" time="0.338" /><testcase classname="tests.test_operate_wiring" name="test_every_wired_mode_resolves_routes_and_carries_the_north_star[gap_breadth]" time="0.324" /><testcase classname="tests.test_operate_wiring" name="test_every_wired_mode_resolves_routes_and_carries_the_north_star[ingest_paper]" time="0.397" /><testcase classname="tests.test_operate_wiring" name="test_every_wired_mode_resolves_routes_and_carries_the_north_star[manuscript_authoring]" time="0.340" /><testcase classname="tests.test_operate_wiring" name="test_every_wired_mode_resolves_routes_and_carries_the_north_star[manuscript_review]" time="0.331" /><testcase classname="tests.test_operate_wiring" name="test_every_wired_mode_resolves_routes_and_carries_the_north_star[new_direction]" time="0.376" /><testcase classname="tests.test_operate_wiring" name="test_every_wired_mode_resolves_routes_and_carries_the_north_star[read_paper_deep]" time="0.361" /><testcase classname="tests.test_operate_wiring" name="test_every_wired_mode_resolves_routes_and_carries_the_north_star[venue_readiness]" time="0.317" /><testcase classname="tests.test_operate_wiring" name="test_every_actual_llm_step_label_is_connected_for_every_pure_stage[deep_ideation]" time="0.361" /><testcase classname="tests.test_operate_wiring" name="test_every_actual_llm_step_label_is_connected_for_every_pure_stage[deep_research]" time="0.245" /><testcase classname="tests.test_operate_wiring" name="test_every_actual_llm_step_label_is_connected_for_every_pure_stage[evidence_deep]" time="0.245" /><testcase classname="tests.test_operate_wiring" name="test_every_actual_llm_step_label_is_connected_for_every_pure_stage[evidence_review]" time="0.234" /><testcase classname="tests.test_operate_wiring" name="test_every_actual_llm_step_label_is_connected_for_every_pure_stage[full_rigor_minimal]" time="0.573" /><testcase classname="tests.test_operate_wiring" name="test_every_actual_llm_step_label_is_connected_for_every_pure_stage[gap_breadth]" time="0.210" /><testcase classname="tests.test_operate_wiring" name="test_every_actual_llm_step_label_is_connected_for_every_pure_stage[ingest_paper]" time="0.241" /><testcase classname="tests.test_operate_wiring" name="test_every_actual_llm_step_label_is_connected_for_every_pure_stage[manuscript_authoring]" time="0.524" /><testcase classname="tests.test_operate_wiring" name="test_every_actual_llm_step_label_is_connected_for_every_pure_stage[manuscript_review]" time="0.393" /><testcase classname="tests.test_operate_wiring" name="test_every_actual_llm_step_label_is_connected_for_every_pure_stage[new_direction]" time="0.392" /><testcase classname="tests.test_operate_wiring" name="test_every_actual_llm_step_label_is_connected_for_every_pure_stage[read_paper_deep]" time="0.237" /><testcase classname="tests.test_operate_wiring" name="test_every_actual_llm_step_label_is_connected_for_every_pure_stage[venue_readiness]" time="0.235" /><testcase classname="tests.test_operate_wiring" name="test_every_dynamic_venue_worker_builder_has_a_distinct_connected_label" time="0.219" /><testcase classname="tests.test_operate_wiring" name="test_cli_worker_exposes_only_the_next_authorized_wave" time="0.502" /><testcase classname="tests.test_operate_wiring" name="test_cli_canonicalizes_legacy_direction_worker_label" time="0.323" /><testcase classname="tests.test_operate_wiring" name="test_cli_run_dets_cannot_bypass_an_unfinished_panel" time="0.327" /><testcase classname="tests.test_manuscript_integration" name="test_deterministic_integration_materializes_one_native_source_tree" time="0.392" /><testcase classname="tests.test_manuscript_integration" name="test_required_sections_are_exactly_one_and_never_synthesized[missing-MISSING_REQUIRED_SECTION]" time="0.018" /><testcase classname="tests.test_manuscript_integration" name="test_required_sections_are_exactly_one_and_never_synthesized[duplicate-DUPLICATE_REQUIRED_SECTION]" time="0.016" /><testcase classname="tests.test_manuscript_integration" name="test_bundle_contract_authorization_and_declared_slice_fail_closed" time="0.072" /><testcase classname="tests.test_manuscript_integration" name="test_validate_section_bundle_allows_only_two_format_repairs" time="0.047" /><testcase classname="tests.test_manuscript_integration" name="test_cross_bundle_coherence_failures_are_typed_before_publish[&lt;lambda&gt;-DUPLICATE_LABEL]" time="0.066" /><testcase classname="tests.test_manuscript_integration" name="test_cross_bundle_coherence_failures_are_typed_before_publish[&lt;lambda&gt;-UNRESOLVED_REFERENCE]" time="0.067" /><testcase classname="tests.test_manuscript_integration" name="test_cross_bundle_coherence_failures_are_typed_before_publish[&lt;lambda&gt;-UNKNOWN_CITATION]" time="0.071" /><testcase classname="tests.test_manuscript_integration" name="test_cross_bundle_coherence_failures_are_typed_before_publish[&lt;lambda&gt;-DUPLICATE_CLAIM]" time="0.072" /><testcase classname="tests.test_manuscript_integration" name="test_frozen_result_hash_and_declared_tex_metadata_are_verified" time="0.131" /><testcase classname="tests.test_manuscript_integration" name="test_unsafe_tex_and_secret_text_never_reach_source[\\write18{touch escaped}-kwargs0-UNSAFE_TEX]" time="0.068" /><testcase classname="tests.test_manuscript_integration" name="test_unsafe_tex_and_secret_text_never_reach_source[The sentinel is TOPSECRET.-kwargs1-SECRET_LEAKAGE]" time="0.074" /><testcase classname="tests.test_manuscript_integration" name="test_director_asset_is_copied_byte_for_byte_with_canonical_provenance" time="0.261" /><testcase classname="tests.test_manuscript_integration" name="test_bibliography_is_part_of_the_fail_closed_tex_boundary" time="0.062" /><testcase classname="tests.test_manuscript_integration" name="test_result_use_requires_a_real_frozen_receipt_binding" time="0.081" /><testcase classname="tests.test_manuscript_integration" name="test_materialization_rejects_cross_run_replay_and_preserves_foreign_lock" time="0.105" /><testcase classname="tests.test_manuscript_integration" name="test_scheduler_receipt_requires_an_external_authority" time="0.029" /><testcase classname="tests.test_manuscript_integration" name="test_format_repair_cannot_change_json_structure" time="0.028" /><testcase classname="tests.test_manuscript_integration" name="test_asset_source_refs_and_textual_asset_secrets_are_verified" time="0.183" /><testcase classname="tests.test_manuscript_integration" name="test_asset_input_kind_is_derived_from_the_frozen_contract" time="0.086" /><testcase classname="tests.test_manuscript_integration" name="test_binary_default_secret_patterns_and_active_svg_fail_closed" time="0.092" /><testcase classname="tests.test_manuscript_integration" name="test_binary_custom_secret_pattern_preserves_regex_flags" time="0.001" /><testcase classname="tests.test_manuscript_integration" name="test_svg_processing_instructions_fail_closed" time="0.101" /><testcase classname="tests.test_manuscript_integration" name="test_asset_copy_uses_hash_checked_bytes_not_a_later_path_read" time="0.085" /><testcase classname="tests.test_manuscript_integration" name="test_generated_assets_require_argv_receipts_and_all_assets_must_exist" time="0.101" /><testcase classname="tests.test_manuscript_integration" name="test_only_current_run_canonical_source_is_a_valid_target[director-review]" time="0.071" /><testcase classname="tests.test_manuscript_integration" name="test_only_current_run_canonical_source_is_a_valid_target[other-run/source]" time="0.067" /><testcase classname="tests.test_manuscript_integration" name="test_only_current_run_canonical_source_is_a_valid_target[vault/source]" time="0.070" /><testcase classname="tests.test_manuscript_integration" name="test_symlink_escape_and_partial_write_both_roll_back" time="0.121" /><testcase classname="tests.test_manuscript_renderer" name="test_report_set_is_complete_and_honest_without_a_local_toolchain" time="0.158" /><testcase classname="tests.test_manuscript_renderer" name="test_projection_is_byte_equivalent_and_rerender_is_deterministic" time="0.220" /><testcase classname="tests.test_manuscript_renderer" name="test_hard_findings_remain_visible_and_daily_block_is_never_downgraded" time="0.128" /><testcase classname="tests.test_manuscript_renderer" name="test_internal_authoring_audit_never_masquerades_as_independent_review" time="0.108" /><testcase classname="tests.test_manuscript_renderer" name="test_distinct_hash_verified_independent_review_is_rendered" time="0.151" /><testcase classname="tests.test_manuscript_renderer" name="test_same_run_or_unverified_review_cannot_be_rendered_as_independent" time="0.028" /><testcase classname="tests.test_manuscript_renderer" name="test_secret_material_is_redacted_from_director_facing_markdown" time="0.147" /><testcase classname="tests.test_manuscript_renderer" name="test_binary_source_asset_with_secret_is_not_projected" time="0.036" /><testcase classname="tests.test_manuscript_renderer" name="test_mutated_canonical_source_fails_hash_verified_projection" time="0.025" /><testcase classname="tests.test_director_packet" name="test_director_packet_renders_markdown_and_blocks_json_in_review_dir" time="0.231" /><testcase classname="tests.test_director_packet" name="test_report_commit_generates_director_packet" time="0.520" /><testcase classname="tests.test_director_packet" name="test_pending_packet_does_not_claim_completed_report" time="0.176" /><testcase classname="tests.test_director_packet" name="test_pending_paper_card_does_not_use_completed_paper_packet" time="0.178" /><testcase classname="tests.test_director_packet" name="test_pending_paper_card_artifact_keeps_packet_truthful" time="0.172" /><testcase classname="tests.test_director_packet" name="test_director_packet_surfaces_evidence_deep_markdown_brief" time="0.241" /><testcase classname="tests.test_director_packet" name="test_director_packet_surfaces_gap_breadth_markdown_scan" time="0.196" /><testcase classname="tests.test_director_packet" name="test_director_packet_surfaces_deep_research_markdown_brief" time="0.171" /><testcase classname="tests.test_director_packet" name="test_director_packet_surfaces_idea_bet_markdown_menu" time="0.195" /><testcase classname="tests.test_director_packet" name="test_director_packet_backfills_and_links_venue_readiness_markdown" time="0.378" /><testcase classname="tests.test_director_packet" name="test_manuscript_authoring_packet_links_the_primary_overview_not_an_internal_review" time="0.184" /><testcase classname="tests.test_director_packet" name="test_manuscript_review_packet_requires_distinct_verified_verdict_before_linking_report" time="0.212" /><testcase classname="tests.test_director_packet" name="test_manuscript_review_packet_fails_closed_on_cross_run_hash_and_unsafe_input" time="0.189" /><testcase classname="tests.test_director_packet" name="test_manuscript_packet_rejects_secret_bearing_review_reference_without_hiding_packet" time="0.181" /><testcase classname="tests.test_manuscript_environment" name="test_manifests_pin_only_the_existing_observed_runtime_and_test_runner" time="0.001" /><testcase classname="tests.test_manuscript_environment" name="test_supported_python_and_installed_distribution_versions_match_the_pins" time="0.009" /><testcase classname="tests.test_manuscript_environment" name="test_latex_readiness_uses_a_sanitized_environment_and_parent_only_runtime_candidates" time="0.422" /><testcase classname="tests.test_manuscript_environment" name="test_junit_gate_parser_fails_closed_for_counts_and_required_cases" time="0.028" /><testcase classname="tests.test_manuscript_environment" name="test_windows_real_receipt_contract_fails_closed_for_hashes_driver_and_paths" time="0.002" /><testcase classname="tests.test_manuscript_environment" name="test_phase_release_evidence_layout_is_pinned_without_reading_live_outputs" time="0.001" /><testcase classname="tests.test_manuscript_environment" name="test_release_evidence_verifier_fails_closed_when_a_required_file_is_absent" time="0.003" /><testcase classname="tests.test_manuscript_environment" name="test_phase_release_evidence_is_verified_only_with_explicit_opt_in" time="0.001" /></testsuite></testsuites>