<?xml version="1.0" encoding="utf-8"?><testsuites name="pytest tests"><testsuite name="pytest" errors="0" failures="0" skipped="0" tests="5" time="0.596" timestamp="2026-07-22T11:43:33.793954+08:00" hostname="LAPTOP-8251QOJI"><testcase classname="tests.test_manuscript_completion" name="test_exactly_twelve_real_operated_modes_and_no_phantom_review_pack" time="0.341" /><testcase classname="tests.test_manuscript_completion" name="test_all_seventeen_gold_cases_remain_the_single_completion_matrix" time="0.001" /><testcase classname="tests.test_manuscript_completion" name="test_director_packet_is_a_real_markdown_first_entry_for_an_operated_run" time="0.147" /><testcase classname="tests.test_manuscript_completion" name="test_d07_calls_no_search_before_local_coverage_names_a_deficit" time="0.009" /><testcase classname="tests.test_manuscript_completion" name="test_every_director_entry_is_synchronized_to_the_two_operated_manuscript_products" time="0.015" /></testsuite></testsuites>