<?xml version="1.0" encoding="utf-8"?><testsuites name="pytest tests"><testsuite name="pytest" errors="0" failures="0" skipped="0" tests="30" time="9.129" timestamp="2026-07-22T11:05:34.184438+08:00" hostname="LAPTOP-8251QOJI"><testcase classname="tests.test_manuscript_environment" name="test_manifests_pin_only_the_existing_observed_runtime_and_test_runner" time="0.057" /><testcase classname="tests.test_manuscript_environment" name="test_supported_python_and_installed_distribution_versions_match_the_pins" time="0.009" /><testcase classname="tests.test_manuscript_environment" name="test_latex_readiness_uses_a_sanitized_environment_and_parent_only_runtime_candidates" time="0.502" /><testcase classname="tests.test_manuscript_environment" name="test_junit_gate_parser_fails_closed_for_counts_and_required_cases" time="0.008" /><testcase classname="tests.test_manuscript_environment" name="test_windows_real_receipt_contract_fails_closed_for_hashes_driver_and_paths" time="0.001" /><testcase classname="tests.test_manuscript_environment" name="test_phase_release_evidence_layout_is_pinned_without_reading_live_outputs" time="0.000" /><testcase classname="tests.test_manuscript_environment" name="test_release_evidence_verifier_fails_closed_when_a_required_file_is_absent" time="0.001" /><testcase classname="tests.test_manuscript_environment" name="test_phase_release_evidence_is_verified_only_with_explicit_opt_in" time="0.000" /><testcase classname="tests.test_manuscript_completion" name="test_exactly_twelve_real_operated_modes_and_no_phantom_review_pack" time="0.307" /><testcase classname="tests.test_manuscript_completion" name="test_all_seventeen_gold_cases_remain_the_single_completion_matrix" time="0.001" /><testcase classname="tests.test_manuscript_completion" name="test_director_packet_is_a_real_markdown_first_entry_for_an_operated_run" time="0.119" /><testcase classname="tests.test_manuscript_completion" name="test_d07_calls_no_search_before_local_coverage_names_a_deficit" time="0.010" /><testcase classname="tests.test_manuscript_completion" name="test_every_director_entry_is_synchronized_to_the_two_operated_manuscript_products" time="0.003" /><testcase classname="tests.test_m2_breadth_integration" name="test_every_registered_type_has_a_valid_enforcing_schema" time="2.865" /><testcase classname="tests.test_m2_breadth_integration" name="test_all_37_breadth_types_are_registered" time="0.001" /><testcase classname="tests.test_m2_breadth_integration" name="test_no_duplicate_schema_filenames" time="0.001" /><testcase classname="tests.test_m2_breadth_integration" name="test_all_41_breadth_agents_have_specs" time="0.004" /><testcase classname="tests.test_m2_breadth_integration" name="test_every_agent_spec_is_wellformed" time="0.359" /><testcase classname="tests.test_m2_breadth_integration" name="test_every_breadth_agent_produces_a_registered_type" time="0.082" /><testcase classname="tests.test_m2_breadth_integration" name="test_all_noncontrol_agents_produce_registered_types" time="0.327" /><testcase classname="tests.test_m2_breadth_integration" name="test_breadth_runtime_model_tiers_match_the_plan" time="0.075" /><testcase classname="tests.test_m2_breadth_integration" name="test_graph_and_modes_valid_after_gate_and_mode_edits" time="0.170" /><testcase classname="tests.test_m2_breadth_integration" name="test_new_hard_gates_are_wired_into_graph" time="0.018" /><testcase classname="tests.test_quality_scoreboard" name="test_scan_run_manifests_reads_metadata_only" time="0.023" /><testcase classname="tests.test_quality_scoreboard" name="test_scan_run_manifests_records_invalid_manifests" time="0.006" /><testcase classname="tests.test_quality_scoreboard" name="test_quality_scoreboard_schema_and_status" time="0.784" /><testcase classname="tests.test_quality_scoreboard" name="test_completed_run_without_director_markdown_blocks_scoreboard" time="0.805" /><testcase classname="tests.test_quality_scoreboard" name="test_invalid_manifest_blocks_scoreboard_machine_clean" time="0.813" /><testcase classname="tests.test_quality_scoreboard" name="test_quality_scoreboard_cli_rejects_default_vault_out" time="0.773" /><testcase classname="tests.test_quality_scoreboard" name="test_operate_scoreboard_cli_runs" time="0.739" /></testsuite></testsuites>