<?xml version="1.0" encoding="utf-8"?><testsuites name="pytest tests"><testsuite name="pytest" errors="0" failures="0" skipped="1" tests="115" time="8.618" timestamp="2026-07-22T10:38:18.546165+08:00" hostname="LAPTOP-8251QOJI"><testcase classname="tests.test_quality_scoreboard" name="test_scan_run_manifests_reads_metadata_only" time="0.080" /><testcase classname="tests.test_quality_scoreboard" name="test_scan_run_manifests_records_invalid_manifests" time="0.011" /><testcase classname="tests.test_quality_scoreboard" name="test_quality_scoreboard_schema_and_status" time="0.592" /><testcase classname="tests.test_quality_scoreboard" name="test_completed_run_without_director_markdown_blocks_scoreboard" time="0.471" /><testcase classname="tests.test_quality_scoreboard" name="test_invalid_manifest_blocks_scoreboard_machine_clean" time="0.558" /><testcase classname="tests.test_quality_scoreboard" name="test_quality_scoreboard_cli_rejects_default_vault_out" time="0.672" /><testcase classname="tests.test_quality_scoreboard" name="test_operate_scoreboard_cli_runs" time="0.630" /><testcase classname="tests.test_m2_breadth_integration" name="test_every_registered_type_has_a_valid_enforcing_schema" time="2.340" /><testcase classname="tests.test_m2_breadth_integration" name="test_all_37_breadth_types_are_registered" time="0.001" /><testcase classname="tests.test_m2_breadth_integration" name="test_no_duplicate_schema_filenames" time="0.001" /><testcase classname="tests.test_m2_breadth_integration" name="test_all_41_breadth_agents_have_specs" time="0.004" /><testcase classname="tests.test_m2_breadth_integration" name="test_every_agent_spec_is_wellformed" time="0.303" /><testcase classname="tests.test_m2_breadth_integration" name="test_every_breadth_agent_produces_a_registered_type" time="0.073" /><testcase classname="tests.test_m2_breadth_integration" name="test_all_noncontrol_agents_produce_registered_types" time="0.323" /><testcase classname="tests.test_m2_breadth_integration" name="test_breadth_runtime_model_tiers_match_the_plan" time="0.076" /><testcase classname="tests.test_m2_breadth_integration" name="test_graph_and_modes_valid_after_gate_and_mode_edits" time="0.160" /><testcase classname="tests.test_m2_breadth_integration" name="test_new_hard_gates_are_wired_into_graph" time="0.015" /><testcase classname="tests.test_manuscript_schema_contracts" name="test_registry_and_schema_files_have_exact_one_to_one_manuscript_parity" time="0.002" /><testcase classname="tests.test_manuscript_schema_contracts" name="test_every_registered_manuscript_payload_validates_through_public_boundary[manuscript_contract]" time="0.004" /><testcase classname="tests.test_manuscript_schema_contracts" name="test_every_registered_manuscript_payload_validates_through_public_boundary[local_literature_coverage]" time="0.002" /><testcase classname="tests.test_manuscript_schema_contracts" name="test_every_registered_manuscript_payload_validates_through_public_boundary[manuscript_venue_profile_slice]" time="0.002" /><testcase classname="tests.test_manuscript_schema_contracts" name="test_every_registered_manuscript_payload_validates_through_public_boundary[manuscript_evidence_slice]" time="0.002" /><testcase classname="tests.test_manuscript_schema_contracts" name="test_every_registered_manuscript_payload_validates_through_public_boundary[manuscript_section_bundle]" time="0.002" /><testcase classname="tests.test_manuscript_schema_contracts" name="test_every_registered_manuscript_payload_validates_through_public_boundary[manuscript_integration]" time="0.002" /><testcase classname="tests.test_manuscript_schema_contracts" name="test_every_registered_manuscript_payload_validates_through_public_boundary[manuscript_build_receipt]" time="0.003" /><testcase classname="tests.test_manuscript_schema_contracts" name="test_every_registered_manuscript_payload_validates_through_public_boundary[manuscript_asset_manifest]" time="0.007" /><testcase classname="tests.test_manuscript_schema_contracts" name="test_every_registered_manuscript_payload_validates_through_public_boundary[manuscript_quality_report]" time="0.002" /><testcase classname="tests.test_manuscript_schema_contracts" name="test_every_registered_manuscript_payload_validates_through_public_boundary[manuscript_review_verdict]" time="0.002" /><testcase classname="tests.test_manuscript_schema_contracts" name="test_every_registered_manuscript_payload_validates_through_public_boundary[submission_checklist]" time="0.005" /><testcase classname="tests.test_manuscript_schema_contracts" name="test_every_registered_manuscript_payload_rejects_a_missing_required_field[manuscript_contract-manuscript_snapshot_sha256]" time="0.014" /><testcase classname="tests.test_manuscript_schema_contracts" name="test_every_registered_manuscript_payload_rejects_a_missing_required_field[local_literature_coverage-axes]" time="0.009" /><testcase classname="tests.test_manuscript_schema_contracts" name="test_every_registered_manuscript_payload_rejects_a_missing_required_field[manuscript_venue_profile_slice-venue_profile]" time="0.004" /><testcase classname="tests.test_manuscript_schema_contracts" name="test_every_registered_manuscript_payload_rejects_a_missing_required_field[manuscript_evidence_slice-claim_evidence_map_sha256]" time="0.006" /><testcase classname="tests.test_manuscript_schema_contracts" name="test_every_registered_manuscript_payload_rejects_a_missing_required_field[manuscript_section_bundle-authorization_receipt]" time="0.005" /><testcase classname="tests.test_manuscript_schema_contracts" name="test_every_registered_manuscript_payload_rejects_a_missing_required_field[manuscript_integration-canonical_file_inventory]" time="0.006" /><testcase classname="tests.test_manuscript_schema_contracts" name="test_every_registered_manuscript_payload_rejects_a_missing_required_field[manuscript_build_receipt-build_state]" time="0.008" /><testcase classname="tests.test_manuscript_schema_contracts" name="test_every_registered_manuscript_payload_rejects_a_missing_required_field[manuscript_asset_manifest-assets]" time="0.007" /><testcase classname="tests.test_manuscript_schema_contracts" name="test_every_registered_manuscript_payload_rejects_a_missing_required_field[manuscript_quality_report-daily_state]" time="0.010" /><testcase classname="tests.test_manuscript_schema_contracts" name="test_every_registered_manuscript_payload_rejects_a_missing_required_field[manuscript_review_verdict-reviewer_identity]" time="0.009" /><testcase classname="tests.test_manuscript_schema_contracts" name="test_every_registered_manuscript_payload_rejects_a_missing_required_field[submission_checklist-reconciliation]" time="0.020" /><testcase classname="tests.test_manuscript_schema_contracts" name="test_every_registered_manuscript_payload_remains_closed[manuscript_contract]" time="0.019" /><testcase classname="tests.test_manuscript_schema_contracts" name="test_every_registered_manuscript_payload_remains_closed[local_literature_coverage]" time="0.011" /><testcase classname="tests.test_manuscript_schema_contracts" name="test_every_registered_manuscript_payload_remains_closed[manuscript_venue_profile_slice]" time="0.005" /><testcase classname="tests.test_manuscript_schema_contracts" name="test_every_registered_manuscript_payload_remains_closed[manuscript_evidence_slice]" time="0.005" /><testcase classname="tests.test_manuscript_schema_contracts" name="test_every_registered_manuscript_payload_remains_closed[manuscript_section_bundle]" time="0.006" /><testcase classname="tests.test_manuscript_schema_contracts" name="test_every_registered_manuscript_payload_remains_closed[manuscript_integration]" time="0.005" /><testcase classname="tests.test_manuscript_schema_contracts" name="test_every_registered_manuscript_payload_remains_closed[manuscript_build_receipt]" time="0.008" /><testcase classname="tests.test_manuscript_schema_contracts" name="test_every_registered_manuscript_payload_remains_closed[manuscript_asset_manifest]" time="0.008" /><testcase classname="tests.test_manuscript_schema_contracts" name="test_every_registered_manuscript_payload_remains_closed[manuscript_quality_report]" time="0.009" /><testcase classname="tests.test_manuscript_schema_contracts" name="test_every_registered_manuscript_payload_remains_closed[manuscript_review_verdict]" time="0.006" /><testcase classname="tests.test_manuscript_schema_contracts" name="test_every_registered_manuscript_payload_remains_closed[submission_checklist]" time="0.016" /><testcase classname="tests.test_manuscript_schema_contracts" name="test_truth_sensitive_manuscript_payloads_reject_inconsistent_facts[manuscript_contract-&lt;lambda&gt;-source_hashes/0/sha256]" time="0.004" /><testcase classname="tests.test_manuscript_schema_contracts" name="test_truth_sensitive_manuscript_payloads_reject_inconsistent_facts[manuscript_venue_profile_slice-&lt;lambda&gt;-venue_profile/template_sha256]" time="0.002" /><testcase classname="tests.test_manuscript_schema_contracts" name="test_truth_sensitive_manuscript_payloads_reject_inconsistent_facts[manuscript_evidence_slice-&lt;lambda&gt;-claim_evidence_map_sha256]" time="0.002" /><testcase classname="tests.test_manuscript_schema_contracts" name="test_truth_sensitive_manuscript_payloads_reject_inconsistent_facts[manuscript_section_bundle-&lt;lambda&gt;-content_hash]" time="0.002" /><testcase classname="tests.test_manuscript_schema_contracts" name="test_truth_sensitive_manuscript_payloads_reject_inconsistent_facts[manuscript_integration-&lt;lambda&gt;-source_tree_sha256]" time="0.002" /><testcase classname="tests.test_manuscript_schema_contracts" name="test_truth_sensitive_manuscript_payloads_reject_inconsistent_facts[manuscript_build_receipt-&lt;lambda&gt;-build_state]" time="0.003" /><testcase classname="tests.test_manuscript_schema_contracts" name="test_truth_sensitive_manuscript_payloads_reject_inconsistent_facts[manuscript_asset_manifest-&lt;lambda&gt;-assets/0/output/run_owned]" time="0.003" /><testcase classname="tests.test_manuscript_schema_contracts" name="test_truth_sensitive_manuscript_payloads_reject_inconsistent_facts[manuscript_quality_report-&lt;lambda&gt;-daily_state]" time="0.002" /><testcase classname="tests.test_manuscript_schema_contracts" name="test_truth_sensitive_manuscript_payloads_reject_inconsistent_facts[manuscript_review_verdict-&lt;lambda&gt;-disposition]" time="0.002" /><testcase classname="tests.test_manuscript_schema_contracts" name="test_truth_sensitive_manuscript_payloads_reject_inconsistent_facts[submission_checklist-&lt;lambda&gt;-build_truth/receipt_sha256]" time="0.005" /><testcase classname="tests.test_manuscript_schema_contracts" name="test_exhaustive_zero_result_claim_requires_a_complete_successful_empty_trace" time="0.003" /><testcase classname="tests.test_manuscript_schema_contracts" name="test_official_requires_pdf_policy_cannot_be_weakened_in_registered_contract" time="0.003" /><testcase classname="tests.test_manuscript_schema_contracts" name="test_toolchain_missing_registered_receipt_cannot_expose_pdf_facts" time="0.001" /><testcase classname="tests.test_manuscript_schema_contracts" name="test_submission_checklist_cannot_claim_readiness_with_a_blocked_check" time="0.005" /><testcase classname="tests.test_manuscript_schema_contracts" name="test_inputs_are_not_mutated_by_public_registry_validation" time="0.017" /><testcase classname="tests.test_validate_artifact" name="test_valid_task_frame_passes" time="0.002" /><testcase classname="tests.test_validate_artifact" name="test_missing_required_mode_fails" time="0.007" /><testcase classname="tests.test_validate_artifact" name="test_bad_gate_level_enum_fails" time="0.001" /><testcase classname="tests.test_validate_artifact" name="test_additional_payload_property_rejected" time="0.003" /><testcase classname="tests.test_validate_artifact" name="test_empty_agent_subset_fails" time="0.001" /><testcase classname="tests.test_validate_artifact" name="test_budget_requires_max_agent_hops" time="0.001" /><testcase classname="tests.test_validate_artifact" name="test_envelope_missing_status_fails" time="0.002" /><testcase classname="tests.test_validate_artifact" name="test_bad_schema_version_pattern_fails" time="0.001" /><testcase classname="tests.test_validate_artifact" name="test_unknown_artifact_type_payload_error" time="0.001" /><testcase classname="tests.test_validate_artifact" name="test_all_example_profiles_validate" time="0.073" /><testcase classname="tests.test_validate_artifact" name="test_profiles_span_multiple_domains" time="0.052" /><testcase classname="tests.test_validate_artifact" name="test_medical_profile_forbids_slice_level_split" time="0.007" /><testcase classname="tests.test_validate_artifact" name="test_nlp_profile_is_document_level_not_patient" time="0.003" /><testcase classname="tests.test_validate_artifact" name="test_profile_missing_required_field_fails" time="0.013" /><testcase classname="tests.test_validate_artifact" name="test_ai_generic_profile_is_thickened_and_valid" time="0.013" /><testcase classname="tests.test_validate_artifact" name="test_gate_verdict_pass_with_violations_is_rejected[preflight_report.schema.json]" time="0.001" /><testcase classname="tests.test_validate_artifact" name="test_gate_verdict_pass_with_violations_is_rejected[parity_verdict.schema.json]" time="0.001" /><testcase classname="tests.test_validate_artifact" name="test_gate_verdict_pass_with_violations_is_rejected[sanity_verdict.schema.json]" time="0.001" /><testcase classname="tests.test_validate_artifact" name="test_gate_verdict_pass_with_violations_is_rejected[alignment_report.schema.json]" time="0.001" /><testcase classname="tests.test_validate_artifact" name="test_gate_verdict_pass_with_violations_is_rejected[variable_control_report.schema.json]" time="0.001" /><testcase classname="tests.test_validate_artifact" name="test_gate_verdict_legitimate_shapes_validate[preflight_report.schema.json]" time="0.001" /><testcase classname="tests.test_validate_artifact" name="test_gate_verdict_legitimate_shapes_validate[parity_verdict.schema.json]" time="0.001" /><testcase classname="tests.test_validate_artifact" name="test_gate_verdict_legitimate_shapes_validate[sanity_verdict.schema.json]" time="0.001" /><testcase classname="tests.test_validate_artifact" name="test_gate_verdict_legitimate_shapes_validate[alignment_report.schema.json]" time="0.001" /><testcase classname="tests.test_validate_artifact" name="test_gate_verdict_legitimate_shapes_validate[variable_control_report.schema.json]" time="0.001" /><testcase classname="tests.test_validate_artifact" name="test_all_manuscript_payload_schemas_have_one_authoritative_registry_entry" time="0.002" /><testcase classname="tests.test_validate_artifact" name="test_unknown_manuscript_payload_type_remains_rejected_centrally" time="0.001" /><testcase classname="tests.test_latex_build" name="test_driver_readiness_uses_build_sanitized_environment" time="0.093" /><testcase classname="tests.test_latex_build" name="test_latexmk_present_without_perl_falls_back_to_direct_pipeline" time="0.104" /><testcase classname="tests.test_latex_build" name="test_fake_latexmk_success_binds_fresh_pdf_source_and_receipts" time="0.171" /><testcase classname="tests.test_latex_build" name="test_failed_timeout_and_missing_output_never_claim_pdf[failure-PROCESS_NONZERO]" time="0.060" /><testcase classname="tests.test_latex_build" name="test_failed_timeout_and_missing_output_never_claim_pdf[timeout-PROCESS_TIMEOUT]" time="0.068" /><testcase classname="tests.test_latex_build" name="test_failed_timeout_and_missing_output_never_claim_pdf[no-output-PDF_MISSING]" time="0.068" /><testcase classname="tests.test_latex_build" name="test_toolchain_missing_is_truthful" time="0.027" /><testcase classname="tests.test_latex_build" name="test_windows_environment_derived_miktex_and_runtime_candidates" time="0.016" /><testcase classname="tests.test_latex_build" name="test_linux_discovery_uses_injected_which_without_windows_candidates" time="0.008" /><testcase classname="tests.test_latex_build" name="test_unsafe_tex_unresolved_reference_and_missing_asset_fail_preflight[\\documentclass{article}\\immediate\\write18{whoami}-UNSAFE_TEX_SOURCE]" time="0.056" /><testcase classname="tests.test_latex_build" name="test_unsafe_tex_unresolved_reference_and_missing_asset_fail_preflight[\\documentclass{article}\\begin{document}See \\ref{missing}.\\end{document}-UNRESOLVED_REFERENCE]" time="0.056" /><testcase classname="tests.test_latex_build" name="test_unsafe_tex_unresolved_reference_and_missing_asset_fail_preflight[\\documentclass{article}\\usepackage{graphicx}\\begin{document}\\includegraphics{figures/missing.pdf}\\end{document}-MISSING_BUILD_ASSET]" time="0.049" /><testcase classname="tests.test_latex_build" name="test_source_path_escape_is_rejected_before_any_process" time="0.004" /><testcase classname="tests.test_latex_build" name="test_secret_bearing_log_hard_fails_and_persists_only_redaction" time="0.063" /><testcase classname="tests.test_latex_build" name="test_build_compiles_private_snapshot_and_detects_source_mutation" time="0.072" /><testcase classname="tests.test_latex_build" name="test_executable_tex_support_files_are_rejected_before_process" time="0.058" /><testcase classname="tests.test_latex_build" name="test_tool_identity_change_after_probe_fails_before_compile" time="0.069" /><testcase classname="tests.test_latex_build" name="test_secret_generated_artifacts_are_removed_not_only_log_redacted" time="0.080" /><testcase classname="tests.test_latex_build" name="test_secret_bearing_pdf_is_rejected_before_durable_publication" time="0.079" /><testcase classname="tests.test_latex_build" name="test_miktex_compiler_commands_disable_implicit_package_installation" time="0.090" /><testcase classname="tests.test_latex_build" name="test_direct_pipeline_uses_one_decreasing_build_deadline" time="0.147" /><testcase classname="tests.test_latex_build" name="test_real_latex_build_emits_sanitized_receipt" time="0.001"><skipped type="pytest.skip" message="real host LaTeX is required only by the explicit verification gate">C:\Users\廖神\Desktop\Innovation_projects\Self-project\Personal AI Infrastructure\cases\Route A\AI agent database (for research)\research_agent_teams\tests\test_latex_build.py:645: real host LaTeX is required only by the explicit verification gate</skipped></testcase></testsuite></testsuites>