<?xml version="1.0" encoding="utf-8"?><testsuites name="pytest tests"><testsuite name="pytest" errors="0" failures="0" skipped="2" tests="123" time="14.440" timestamp="2026-07-22T10:14:37.329412+08:00" hostname="LAPTOP-8251QOJI"><testcase classname="tests.test_operate_manuscript_review" name="test_review_precommit_freezes_inputs_and_dispatches_exact_blind_capabilities" time="0.662" /><testcase classname="tests.test_operate_manuscript_review" name="test_review_reconciles_all_findings_and_renders_advisory_status_only" time="0.924" /><testcase classname="tests.test_operate_manuscript_review" name="test_review_rejects_missing_required_capability_before_join" time="0.801" /><testcase classname="tests.test_operate_manuscript_review" name="test_review_rejects_reused_or_forged_receipts" time="0.772" /><testcase classname="tests.test_operate_manuscript_review" name="test_review_rejects_leakage_cross_run_and_source_mutation[protected_leak]" time="0.900" /><testcase classname="tests.test_operate_manuscript_review" name="test_review_rejects_leakage_cross_run_and_source_mutation[cross_run]" time="0.824" /><testcase classname="tests.test_operate_manuscript_review" name="test_review_rejects_leakage_cross_run_and_source_mutation[source_tamper]" time="0.647" /><testcase classname="tests.test_operate_manuscript_review" name="test_source_only_review_is_caveated_without_false_pdf_claim" time="0.830" /><testcase classname="tests.test_operate_manuscript_review" name="test_false_execution_and_false_compiled_pdf_surface_at_hard_gate" time="1.309" /><testcase classname="tests.test_operate_manuscript_review" name="test_review_resume_is_idempotent_and_never_mutates_authoring" time="1.205" /><testcase classname="tests.test_operate_manuscript_review" name="test_review_rejects_authoring_run_that_is_the_review_run" time="0.274" /><testcase classname="tests.test_operate_manuscript_review" name="test_review_rejects_symlinked_authoring_input_before_hashing" time="0.257"><skipped type="pytest.skip" message="symlink creation unavailable on this filesystem: [WinError 1314] 客户端没有所需的特权。: 'C:\\Users\\廖神\\AppData\\Local\\Temp\\pytest-of-廖神\\pytest-2070\\test_review_rejects_symlinked_0\\director-owned-source.tex' -&gt; 'C:\\Users\\廖神\\AppData\\Local\\Temp\\pytest-of-廖神\\pytest-2070\\test_review_rejects_symlinked_0\\runs\\authoring-001\\source\\main.tex'">C:\Users\廖神\Desktop\Innovation_projects\Self-project\Personal AI Infrastructure\cases\Route A\AI agent database (for research)\research_agent_teams\tests\test_operate_manuscript_review.py:355: symlink creation unavailable on this filesystem: [WinError 1314] 客户端没有所需的特权。: 'C:\\Users\\廖神\\AppData\\Local\\Temp\\pytest-of-廖神\\pytest-2070\\test_review_rejects_symlinked_0\\director-owned-source.tex' -&gt; 'C:\\Users\\廖神\\AppData\\Local\\Temp\\pytest-of-廖神\\pytest-2070\\test_review_rejects_symlinked_0\\runs\\authoring-001\\source\\main.tex'</skipped></testcase><testcase classname="tests.test_operate_manuscript_review" name="test_self_reported_compiled_and_ready_claims_are_caveated_not_trusted" time="0.795" /><testcase classname="tests.test_operate_manuscript_review" name="test_secret_in_reviewer_finding_is_blocked_before_director_review_write" time="0.759" /><testcase classname="tests.test_operate_manuscript_authoring" name="test_all_gold_cases_have_operated_or_focused_traceability" time="0.001" /><testcase classname="tests.test_operate_manuscript_authoring" name="test_adaptive_section_assignments_preserve_specialists_and_parameterize_remaining" time="0.001" /><testcase classname="tests.test_operate_manuscript_authoring" name="test_exact_bundle_closure_rejects_all_invalid_sets_before_integration[missing]" time="0.002" /><testcase classname="tests.test_operate_manuscript_authoring" name="test_exact_bundle_closure_rejects_all_invalid_sets_before_integration[duplicate]" time="0.003" /><testcase classname="tests.test_operate_manuscript_authoring" name="test_exact_bundle_closure_rejects_all_invalid_sets_before_integration[wrong_id]" time="0.001" /><testcase classname="tests.test_operate_manuscript_authoring" name="test_exact_bundle_closure_rejects_all_invalid_sets_before_integration[wrong_role]" time="0.001" /><testcase classname="tests.test_operate_manuscript_authoring" name="test_author_panel_is_sparse_adaptive_and_auditors_are_blind" time="0.003" /><testcase classname="tests.test_operate_manuscript_authoring" name="test_integration_wrapper_never_calls_integrator_when_closure_is_invalid" time="0.001" /><testcase classname="tests.test_operate_manuscript_authoring" name="test_recipe_caps_schema_supplements_at_two" time="0.011" /><testcase classname="tests.test_manuscript_security" name="test_run_owned_regular_unicode_and_ascii_space_paths_are_portable" time="0.006" /><testcase classname="tests.test_manuscript_security" name="test_path_traversal_and_cross_platform_absolute_escapes_are_rejected[parent]" time="0.002" /><testcase classname="tests.test_manuscript_security" name="test_path_traversal_and_cross_platform_absolute_escapes_are_rejected[nested-parent]" time="0.002" /><testcase classname="tests.test_manuscript_security" name="test_path_traversal_and_cross_platform_absolute_escapes_are_rejected[windows-drive]" time="0.003" /><testcase classname="tests.test_manuscript_security" name="test_path_traversal_and_cross_platform_absolute_escapes_are_rejected[windows-unc]" time="0.002" /><testcase classname="tests.test_manuscript_security" name="test_native_absolute_external_and_unowned_output_roots_are_rejected" time="0.004" /><testcase classname="tests.test_manuscript_security" name="test_symlink_escape_is_rejected_without_touching_target" time="0.006" /><testcase classname="tests.test_manuscript_security" name="test_windows_reparse_simulation_rejects_future_output" time="0.004" /><testcase classname="tests.test_manuscript_security" name="test_hardlink_output_alias_is_rejected_without_touching_director_asset" time="0.006" /><testcase classname="tests.test_manuscript_security" name="test_unicode_or_platform_ambiguous_spaces_are_not_silently_normalized[nbsp]" time="0.003" /><testcase classname="tests.test_manuscript_security" name="test_unicode_or_platform_ambiguous_spaces_are_not_silently_normalized[trailing-space]" time="0.003" /><testcase classname="tests.test_manuscript_security" name="test_unicode_or_platform_ambiguous_spaces_are_not_silently_normalized[trailing-dot]" time="0.002" /><testcase classname="tests.test_manuscript_security" name="test_director_asset_is_read_hashable_but_never_an_output" time="0.014" /><testcase classname="tests.test_manuscript_security" name="test_vault_write_and_scope_permission_violation_leave_external_files_unchanged" time="0.009" /><testcase classname="tests.test_manuscript_security" name="test_scope_validation_never_falls_back_to_environment" time="0.005" /><testcase classname="tests.test_manuscript_security" name="test_safe_run_relative_tex_directives_pass_with_spaces_and_unicode" time="0.012" /><testcase classname="tests.test_manuscript_security" name="test_unapproved_document_class_fails_closed" time="0.005" /><testcase classname="tests.test_manuscript_security" name="test_local_tex_class_or_package_shadow_is_rejected[class-shadow]" time="0.005" /><testcase classname="tests.test_manuscript_security" name="test_local_tex_class_or_package_shadow_is_rejected[package-shadow]" time="0.005" /><testcase classname="tests.test_manuscript_security" name="test_unsafe_tex_directives_and_external_paths_fail_closed[write18]" time="0.005" /><testcase classname="tests.test_manuscript_security" name="test_unsafe_tex_directives_and_external_paths_fail_closed[openout]" time="0.004" /><testcase classname="tests.test_manuscript_security" name="test_unsafe_tex_directives_and_external_paths_fail_closed[parent-input]" time="0.004" /><testcase classname="tests.test_manuscript_security" name="test_unsafe_tex_directives_and_external_paths_fail_closed[absolute-include]" time="0.005" /><testcase classname="tests.test_manuscript_security" name="test_unsafe_tex_directives_and_external_paths_fail_closed[windows-graphics]" time="0.004" /><testcase classname="tests.test_manuscript_security" name="test_unsafe_tex_directives_and_external_paths_fail_closed[url-bibliography]" time="0.005" /><testcase classname="tests.test_manuscript_security" name="test_unsafe_tex_directives_and_external_paths_fail_closed[directlua]" time="0.005" /><testcase classname="tests.test_manuscript_security" name="test_unsafe_tex_directives_and_external_paths_fail_closed[dynamic-command]" time="0.005" /><testcase classname="tests.test_manuscript_security" name="test_unsafe_tex_directives_and_external_paths_fail_closed[caret-obfuscation]" time="0.048" /><testcase classname="tests.test_manuscript_security" name="test_unsafe_tex_directives_and_external_paths_fail_closed[conditional-input]" time="0.004" /><testcase classname="tests.test_manuscript_security" name="test_unsafe_tex_directives_and_external_paths_fail_closed[minted-package]" time="0.004" /><testcase classname="tests.test_manuscript_security" name="test_unsafe_tex_directives_and_external_paths_fail_closed[input-minted]" time="0.004" /><testcase classname="tests.test_manuscript_security" name="test_unsafe_tex_directives_and_external_paths_fail_closed[filecontents-write]" time="0.005" /><testcase classname="tests.test_manuscript_security" name="test_unsafe_tex_directives_and_external_paths_fail_closed[internal-input-alias]" time="0.005" /><testcase classname="tests.test_manuscript_security" name="test_unsafe_tex_directives_and_external_paths_fail_closed[verbatim-input]" time="0.005" /><testcase classname="tests.test_manuscript_security" name="test_caller_supplied_secret_sentinel_blocks_every_durable_channel[url]" time="0.001" /><testcase classname="tests.test_manuscript_security" name="test_caller_supplied_secret_sentinel_blocks_every_durable_channel[error]" time="0.001" /><testcase classname="tests.test_manuscript_security" name="test_caller_supplied_secret_sentinel_blocks_every_durable_channel[tex]" time="0.001" /><testcase classname="tests.test_manuscript_security" name="test_caller_supplied_secret_sentinel_blocks_every_durable_channel[bibtex]" time="0.001" /><testcase classname="tests.test_manuscript_security" name="test_caller_supplied_secret_sentinel_blocks_every_durable_channel[build_metadata]" time="0.001" /><testcase classname="tests.test_manuscript_security" name="test_caller_supplied_secret_sentinel_blocks_every_durable_channel[build_log]" time="0.001" /><testcase classname="tests.test_manuscript_security" name="test_caller_supplied_secret_sentinel_blocks_every_durable_channel[markdown]" time="0.001" /><testcase classname="tests.test_manuscript_security" name="test_secret_scanner_uses_only_caller_supplied_text_and_patterns" time="0.001" /><testcase classname="tests.test_manuscript_security" name="test_secret_scanner_decodes_lowercase_percent_and_form_url_encodings" time="0.001" /><testcase classname="tests.test_manuscript_security" name="test_frozen_non_llm_receipt_allows_supported_execution_prose" time="0.001" /><testcase classname="tests.test_manuscript_security" name="test_false_or_unsupported_execution_prose_hard_blocks[not-frozen]" time="0.001" /><testcase classname="tests.test_manuscript_security" name="test_false_or_unsupported_execution_prose_hard_blocks[scripts-only]" time="0.001" /><testcase classname="tests.test_manuscript_security" name="test_false_or_unsupported_execution_prose_hard_blocks[plan-only]" time="0.001" /><testcase classname="tests.test_manuscript_security" name="test_false_or_unsupported_execution_prose_hard_blocks[model-receipt]" time="0.001" /><testcase classname="tests.test_manuscript_security" name="test_false_or_unsupported_execution_prose_hard_blocks[hash-mismatch]" time="0.001" /><testcase classname="tests.test_manuscript_security" name="test_false_or_unsupported_execution_prose_hard_blocks[not-real]" time="0.001" /><testcase classname="tests.test_manuscript_security" name="test_mixed_negative_and_positive_execution_language_still_requires_evidence" time="0.001" /><testcase classname="tests.test_manuscript_security" name="test_any_non_template_execution_entry_requires_evidence[synonyms]" time="0.001" /><testcase classname="tests.test_manuscript_security" name="test_any_non_template_execution_entry_requires_evidence[passive-voice]" time="0.001" /><testcase classname="tests.test_manuscript_security" name="test_any_non_template_execution_entry_requires_evidence[chinese]" time="0.001" /><testcase classname="tests.test_manuscript_security" name="test_fixture_execution_must_be_disclosed_in_prose" time="0.001" /><testcase classname="tests.test_manuscript_security" name="test_plain_self_asserted_real_receipt_requires_independent_reverification" time="0.001" /><testcase classname="tests.test_manuscript_security" name="test_explicit_scripts_only_non_claim_does_not_invent_execution" time="0.000" /><testcase classname="tests.test_latex_build" name="test_driver_readiness_uses_build_sanitized_environment" time="0.097" /><testcase classname="tests.test_latex_build" name="test_latexmk_present_without_perl_falls_back_to_direct_pipeline" time="0.088" /><testcase classname="tests.test_latex_build" name="test_fake_latexmk_success_binds_fresh_pdf_source_and_receipts" time="0.154" /><testcase classname="tests.test_latex_build" name="test_failed_timeout_and_missing_output_never_claim_pdf[failure-PROCESS_NONZERO]" time="0.057" /><testcase classname="tests.test_latex_build" name="test_failed_timeout_and_missing_output_never_claim_pdf[timeout-PROCESS_TIMEOUT]" time="0.056" /><testcase classname="tests.test_latex_build" name="test_failed_timeout_and_missing_output_never_claim_pdf[no-output-PDF_MISSING]" time="0.056" /><testcase classname="tests.test_latex_build" name="test_toolchain_missing_is_truthful" time="0.022" /><testcase classname="tests.test_latex_build" name="test_windows_environment_derived_miktex_and_runtime_candidates" time="0.014" /><testcase classname="tests.test_latex_build" name="test_linux_discovery_uses_injected_which_without_windows_candidates" time="0.006" /><testcase classname="tests.test_latex_build" name="test_unsafe_tex_unresolved_reference_and_missing_asset_fail_preflight[\\documentclass{article}\\immediate\\write18{whoami}-UNSAFE_TEX_SOURCE]" time="0.034" /><testcase classname="tests.test_latex_build" name="test_unsafe_tex_unresolved_reference_and_missing_asset_fail_preflight[\\documentclass{article}\\begin{document}See \\ref{missing}.\\end{document}-UNRESOLVED_REFERENCE]" time="0.048" /><testcase classname="tests.test_latex_build" name="test_unsafe_tex_unresolved_reference_and_missing_asset_fail_preflight[\\documentclass{article}\\usepackage{graphicx}\\begin{document}\\includegraphics{figures/missing.pdf}\\end{document}-MISSING_BUILD_ASSET]" time="0.035" /><testcase classname="tests.test_latex_build" name="test_source_path_escape_is_rejected_before_any_process" time="0.004" /><testcase classname="tests.test_latex_build" name="test_secret_bearing_log_hard_fails_and_persists_only_redaction" time="0.051" /><testcase classname="tests.test_latex_build" name="test_build_compiles_private_snapshot_and_detects_source_mutation" time="0.061" /><testcase classname="tests.test_latex_build" name="test_executable_tex_support_files_are_rejected_before_process" time="0.032" /><testcase classname="tests.test_latex_build" name="test_tool_identity_change_after_probe_fails_before_compile" time="0.057" /><testcase classname="tests.test_latex_build" name="test_secret_generated_artifacts_are_removed_not_only_log_redacted" time="0.066" /><testcase classname="tests.test_latex_build" name="test_secret_bearing_pdf_is_rejected_before_durable_publication" time="0.059" /><testcase classname="tests.test_latex_build" name="test_miktex_compiler_commands_disable_implicit_package_installation" time="0.080" /><testcase classname="tests.test_latex_build" name="test_direct_pipeline_uses_one_decreasing_build_deadline" time="0.145" /><testcase classname="tests.test_latex_build" name="test_real_latex_build_emits_sanitized_receipt" time="0.000"><skipped type="pytest.skip" message="real host LaTeX is required only by the explicit verification gate">C:\Users\廖神\Desktop\Innovation_projects\Self-project\Personal AI Infrastructure\cases\Route A\AI agent database (for research)\research_agent_teams\tests\test_latex_build.py:642: real host LaTeX is required only by the explicit verification gate</skipped></testcase><testcase classname="tests.test_manuscript_renderer" name="test_report_set_is_complete_and_honest_without_a_local_toolchain" time="0.166" /><testcase classname="tests.test_manuscript_renderer" name="test_projection_is_byte_equivalent_and_rerender_is_deterministic" time="0.197" /><testcase classname="tests.test_manuscript_renderer" name="test_hard_findings_remain_visible_and_daily_block_is_never_downgraded" time="0.130" /><testcase classname="tests.test_manuscript_renderer" name="test_internal_authoring_audit_never_masquerades_as_independent_review" time="0.117" /><testcase classname="tests.test_manuscript_renderer" name="test_distinct_hash_verified_independent_review_is_rendered" time="0.152" /><testcase classname="tests.test_manuscript_renderer" name="test_same_run_or_unverified_review_cannot_be_rendered_as_independent" time="0.030" /><testcase classname="tests.test_manuscript_renderer" name="test_secret_material_is_redacted_from_director_facing_markdown" time="0.122" /><testcase classname="tests.test_manuscript_renderer" name="test_binary_source_asset_with_secret_is_not_projected" time="0.035" /><testcase classname="tests.test_manuscript_renderer" name="test_mutated_canonical_source_fails_hash_verified_projection" time="0.020" /><testcase classname="tests.test_manuscript_completion" name="test_exactly_twelve_real_operated_modes_and_no_phantom_review_pack" time="0.355" /><testcase classname="tests.test_manuscript_completion" name="test_all_seventeen_gold_cases_remain_the_single_completion_matrix" time="0.001" /><testcase classname="tests.test_manuscript_completion" name="test_director_packet_is_a_real_markdown_first_entry_for_an_operated_run" time="0.128" /><testcase classname="tests.test_manuscript_completion" name="test_d07_calls_no_search_before_local_coverage_names_a_deficit" time="0.014" /><testcase classname="tests.test_manuscript_completion" name="test_every_director_entry_is_synchronized_to_the_two_operated_manuscript_products" time="0.039" /><testcase classname="tests.test_research_output_quality" name="test_all_operated_modes_have_business_output_contracts" time="0.001" /><testcase classname="tests.test_research_output_quality" name="test_good_director_markdown_passes_every_mode_contract" time="0.001" /><testcase classname="tests.test_research_output_quality" name="test_idea_without_falsification_or_kill_criteria_is_advisory" time="0.001" /><testcase classname="tests.test_research_output_quality" name="test_evidence_without_counterevidence_or_belief_update_fails" time="0.001" /><testcase classname="tests.test_research_output_quality" name="test_run_audit_fails_when_primary_markdown_is_missing" time="0.002" /><testcase classname="tests.test_research_output_quality" name="test_completed_run_audit_reads_human_product" time="0.015" /><testcase classname="tests.test_research_output_quality" name="test_completed_run_with_thin_markdown_is_advisory_not_failure" time="0.017" /></testsuite></testsuites>