<?xml version="1.0" encoding="utf-8"?><testsuites name="pytest tests"><testsuite name="pytest" errors="0" failures="0" skipped="1" tests="142" time="19.774" timestamp="2026-07-22T11:43:04.868670+08:00" hostname="LAPTOP-8251QOJI"><testcase classname="tests.test_manuscript_security" name="test_run_owned_regular_unicode_and_ascii_space_paths_are_portable" time="0.058" /><testcase classname="tests.test_manuscript_security" name="test_path_traversal_and_cross_platform_absolute_escapes_are_rejected[parent]" time="0.002" /><testcase classname="tests.test_manuscript_security" name="test_path_traversal_and_cross_platform_absolute_escapes_are_rejected[nested-parent]" time="0.002" /><testcase classname="tests.test_manuscript_security" name="test_path_traversal_and_cross_platform_absolute_escapes_are_rejected[windows-drive]" time="0.002" /><testcase classname="tests.test_manuscript_security" name="test_path_traversal_and_cross_platform_absolute_escapes_are_rejected[windows-unc]" time="0.002" /><testcase classname="tests.test_manuscript_security" name="test_native_absolute_external_and_unowned_output_roots_are_rejected" time="0.003" /><testcase classname="tests.test_manuscript_security" name="test_symlink_escape_is_rejected_without_touching_target" time="0.010" /><testcase classname="tests.test_manuscript_security" name="test_windows_reparse_simulation_rejects_future_output" time="0.003" /><testcase classname="tests.test_manuscript_security" name="test_hardlink_output_alias_is_rejected_without_touching_director_asset" time="0.005" /><testcase classname="tests.test_manuscript_security" name="test_unicode_or_platform_ambiguous_spaces_are_not_silently_normalized[nbsp]" time="0.002" /><testcase classname="tests.test_manuscript_security" name="test_unicode_or_platform_ambiguous_spaces_are_not_silently_normalized[trailing-space]" time="0.002" /><testcase classname="tests.test_manuscript_security" name="test_unicode_or_platform_ambiguous_spaces_are_not_silently_normalized[trailing-dot]" time="0.002" /><testcase classname="tests.test_manuscript_security" name="test_director_asset_is_read_hashable_but_never_an_output" time="0.011" /><testcase classname="tests.test_manuscript_security" name="test_vault_write_and_scope_permission_violation_leave_external_files_unchanged" time="0.016" /><testcase classname="tests.test_manuscript_security" name="test_scope_validation_never_falls_back_to_environment" time="0.004" /><testcase classname="tests.test_manuscript_security" name="test_safe_run_relative_tex_directives_pass_with_spaces_and_unicode" time="0.009" /><testcase classname="tests.test_manuscript_security" name="test_unapproved_document_class_fails_closed" time="0.004" /><testcase classname="tests.test_manuscript_security" name="test_local_tex_class_or_package_shadow_is_rejected[class-shadow]" time="0.004" /><testcase classname="tests.test_manuscript_security" name="test_local_tex_class_or_package_shadow_is_rejected[package-shadow]" time="0.004" /><testcase classname="tests.test_manuscript_security" name="test_unsafe_tex_directives_and_external_paths_fail_closed[write18]" time="0.003" /><testcase classname="tests.test_manuscript_security" name="test_unsafe_tex_directives_and_external_paths_fail_closed[openout]" time="0.003" /><testcase classname="tests.test_manuscript_security" name="test_unsafe_tex_directives_and_external_paths_fail_closed[parent-input]" time="0.003" /><testcase classname="tests.test_manuscript_security" name="test_unsafe_tex_directives_and_external_paths_fail_closed[absolute-include]" time="0.003" /><testcase classname="tests.test_manuscript_security" name="test_unsafe_tex_directives_and_external_paths_fail_closed[windows-graphics]" time="0.003" /><testcase classname="tests.test_manuscript_security" name="test_unsafe_tex_directives_and_external_paths_fail_closed[url-bibliography]" time="0.004" /><testcase classname="tests.test_manuscript_security" name="test_unsafe_tex_directives_and_external_paths_fail_closed[directlua]" time="0.003" /><testcase classname="tests.test_manuscript_security" name="test_unsafe_tex_directives_and_external_paths_fail_closed[dynamic-command]" time="0.003" /><testcase classname="tests.test_manuscript_security" name="test_unsafe_tex_directives_and_external_paths_fail_closed[caret-obfuscation]" time="0.003" /><testcase classname="tests.test_manuscript_security" name="test_unsafe_tex_directives_and_external_paths_fail_closed[conditional-input]" time="0.003" /><testcase classname="tests.test_manuscript_security" name="test_unsafe_tex_directives_and_external_paths_fail_closed[minted-package]" time="0.004" /><testcase classname="tests.test_manuscript_security" name="test_unsafe_tex_directives_and_external_paths_fail_closed[input-minted]" time="0.003" /><testcase classname="tests.test_manuscript_security" name="test_unsafe_tex_directives_and_external_paths_fail_closed[filecontents-write]" time="0.003" /><testcase classname="tests.test_manuscript_security" name="test_unsafe_tex_directives_and_external_paths_fail_closed[internal-input-alias]" time="0.004" /><testcase classname="tests.test_manuscript_security" name="test_unsafe_tex_directives_and_external_paths_fail_closed[verbatim-input]" time="0.004" /><testcase classname="tests.test_manuscript_security" name="test_caller_supplied_secret_sentinel_blocks_every_durable_channel[url]" time="0.001" /><testcase classname="tests.test_manuscript_security" name="test_caller_supplied_secret_sentinel_blocks_every_durable_channel[error]" time="0.000" /><testcase classname="tests.test_manuscript_security" name="test_caller_supplied_secret_sentinel_blocks_every_durable_channel[tex]" time="0.001" /><testcase classname="tests.test_manuscript_security" name="test_caller_supplied_secret_sentinel_blocks_every_durable_channel[bibtex]" time="0.000" /><testcase classname="tests.test_manuscript_security" name="test_caller_supplied_secret_sentinel_blocks_every_durable_channel[build_metadata]" time="0.001" /><testcase classname="tests.test_manuscript_security" name="test_caller_supplied_secret_sentinel_blocks_every_durable_channel[build_log]" time="0.000" /><testcase classname="tests.test_manuscript_security" name="test_caller_supplied_secret_sentinel_blocks_every_durable_channel[markdown]" time="0.000" /><testcase classname="tests.test_manuscript_security" name="test_secret_scanner_uses_only_caller_supplied_text_and_patterns" time="0.001" /><testcase classname="tests.test_manuscript_security" name="test_secret_scanner_decodes_lowercase_percent_and_form_url_encodings" time="0.001" /><testcase classname="tests.test_manuscript_security" name="test_frozen_non_llm_receipt_allows_supported_execution_prose" time="0.001" /><testcase classname="tests.test_manuscript_security" name="test_false_or_unsupported_execution_prose_hard_blocks[not-frozen]" time="0.001" /><testcase classname="tests.test_manuscript_security" name="test_false_or_unsupported_execution_prose_hard_blocks[scripts-only]" time="0.001" /><testcase classname="tests.test_manuscript_security" name="test_false_or_unsupported_execution_prose_hard_blocks[plan-only]" time="0.000" /><testcase classname="tests.test_manuscript_security" name="test_false_or_unsupported_execution_prose_hard_blocks[model-receipt]" time="0.001" /><testcase classname="tests.test_manuscript_security" name="test_false_or_unsupported_execution_prose_hard_blocks[hash-mismatch]" time="0.001" /><testcase classname="tests.test_manuscript_security" name="test_false_or_unsupported_execution_prose_hard_blocks[not-real]" time="0.001" /><testcase classname="tests.test_manuscript_security" name="test_mixed_negative_and_positive_execution_language_still_requires_evidence" time="0.001" /><testcase classname="tests.test_manuscript_security" name="test_any_non_template_execution_entry_requires_evidence[synonyms]" time="0.000" /><testcase classname="tests.test_manuscript_security" name="test_any_non_template_execution_entry_requires_evidence[passive-voice]" time="0.000" /><testcase classname="tests.test_manuscript_security" name="test_any_non_template_execution_entry_requires_evidence[chinese]" time="0.000" /><testcase classname="tests.test_manuscript_security" name="test_fixture_execution_must_be_disclosed_in_prose" time="0.001" /><testcase classname="tests.test_manuscript_security" name="test_plain_self_asserted_real_receipt_requires_independent_reverification" time="0.001" /><testcase classname="tests.test_manuscript_security" name="test_explicit_scripts_only_non_claim_does_not_invent_execution" time="0.000" /><testcase classname="tests.test_scholar_clients" name="test_default_transport_normalizes_read_time_socket_timeout" time="0.001" /><testcase classname="tests.test_scholar_clients" name="test_arxiv_search_parses_normalized_record" time="0.001" /><testcase classname="tests.test_scholar_clients" name="test_openalex_search_normalizes_doi_and_venue" time="0.000" /><testcase classname="tests.test_scholar_clients" name="test_crossref_search_and_s2_search" time="0.000" /><testcase classname="tests.test_scholar_clients" name="test_crossref_query_uses_strict_utf8_url_encoding" time="0.001" /><testcase classname="tests.test_scholar_clients" name="test_lookup_doi_404_means_none_other_errors_raise" time="0.001" /><testcase classname="tests.test_scholar_clients" name="test_lookup_arxiv_empty_feed_means_none" time="0.001" /><testcase classname="tests.test_scholar_clients" name="test_invalid_ids_short_circuit_without_network" time="0.000" /><testcase classname="tests.test_scholar_clients" name="test_polite_headers_and_s2_key" time="0.001" /><testcase classname="tests.test_scholar_clients" name="test_get_references_s2_unwraps_cited_papers" time="0.000" /><testcase classname="tests.test_scholar_clients" name="test_malformed_body_becomes_lookup_error_not_a_crash" time="0.001" /><testcase classname="tests.test_scholar_clients" name="test_lookup_doi_openalex_states" time="0.001" /><testcase classname="tests.test_scholar_clients" name="test_normalizers" time="0.000" /><testcase classname="tests.test_scholar_clients" name="test_openalex_contact_stays_in_user_agent_and_out_of_url" time="0.001" /><testcase classname="tests.test_scholar_clients" name="test_openalex_key_fails_closed_before_transport" time="0.001" /><testcase classname="tests.test_scholar_clients" name="test_scholar_errors_keep_safe_request_identity_but_strip_query_values" time="0.001" /><testcase classname="tests.test_scholar_clients" name="test_parse_failure_redacts_request_query" time="0.001" /><testcase classname="tests.test_scope_guard" name="test_in_stage_scope_allowed" time="0.002" /><testcase classname="tests.test_scope_guard" name="test_inbox_allowed" time="0.002" /><testcase classname="tests.test_scope_guard" name="test_bash_blocked" time="0.002" /><testcase classname="tests.test_scope_guard" name="test_vault_write_blocked" time="0.001" /><testcase classname="tests.test_scope_guard" name="test_other_stage_blocked" time="0.001" /><testcase classname="tests.test_scope_guard" name="test_infra_write_blocked" time="0.001" /><testcase classname="tests.test_scope_guard" name="test_nongoverned_path_is_noop_allowed" time="0.001" /><testcase classname="tests.test_scope_guard" name="test_read_tool_allowed" time="0.001" /><testcase classname="tests.test_scope_guard" name="test_vault_block_powered_when_scope_omits_vault_root" time="0.001" /><testcase classname="tests.test_scope_guard" name="test_vault_block_via_two_repo_layout_discovery" time="0.002" /><testcase classname="tests.test_scope_guard" name="test_vault_block_resists_dotdot_traversal" time="0.001" /><testcase classname="tests.test_scope_guard" name="test_stage_scope_resists_dotdot_into_sibling_stage" time="0.002" /><testcase classname="tests.test_scope_guard" name="test_vault_block_is_case_insensitive_on_windows" time="0.002" /><testcase classname="tests.test_operate_manuscript_authoring" name="test_all_gold_cases_have_operated_or_focused_traceability" time="0.001" /><testcase classname="tests.test_operate_manuscript_authoring" name="test_adaptive_section_assignments_preserve_specialists_and_parameterize_remaining" time="0.001" /><testcase classname="tests.test_operate_manuscript_authoring" name="test_exact_bundle_closure_rejects_all_invalid_sets_before_integration[missing]" time="0.002" /><testcase classname="tests.test_operate_manuscript_authoring" name="test_exact_bundle_closure_rejects_all_invalid_sets_before_integration[duplicate]" time="0.002" /><testcase classname="tests.test_operate_manuscript_authoring" name="test_exact_bundle_closure_rejects_all_invalid_sets_before_integration[wrong_id]" time="0.001" /><testcase classname="tests.test_operate_manuscript_authoring" name="test_exact_bundle_closure_rejects_all_invalid_sets_before_integration[wrong_role]" time="0.001" /><testcase classname="tests.test_operate_manuscript_authoring" name="test_author_panel_is_sparse_adaptive_and_auditors_are_blind" time="0.003" /><testcase classname="tests.test_operate_manuscript_authoring" name="test_integration_wrapper_never_calls_integrator_when_closure_is_invalid" time="0.001" /><testcase classname="tests.test_operate_manuscript_authoring" name="test_recipe_caps_schema_supplements_at_two" time="0.004" /><testcase classname="tests.test_operate_manuscript_authoring" name="test_design_stage_writes_hash_bound_venue_and_evidence_slices" time="0.059" /><testcase classname="tests.test_operate_manuscript_authoring" name="test_design_slices_fail_closed_on_missing_or_tampered_provenance[True-False-REFERENCE_HASH_MISMATCH]" time="0.048" /><testcase classname="tests.test_operate_manuscript_authoring" name="test_design_slices_fail_closed_on_missing_or_tampered_provenance[False-True-WORKER_BUNDLE_MISSING]" time="0.042" /><testcase classname="tests.test_operate_manuscript_authoring" name="test_authoring_report_does_not_schedule_the_review_only_submission_packager" time="0.002" /><testcase classname="tests.test_operate_manuscript_review" name="test_review_precommit_freezes_inputs_and_dispatches_exact_blind_capabilities" time="0.555" /><testcase classname="tests.test_operate_manuscript_review" name="test_review_reconciles_all_findings_and_renders_advisory_status_only" time="0.801" /><testcase classname="tests.test_operate_manuscript_review" name="test_review_rejects_missing_required_capability_before_join" time="0.839" /><testcase classname="tests.test_operate_manuscript_review" name="test_review_rejects_reused_or_forged_receipts" time="0.800" /><testcase classname="tests.test_operate_manuscript_review" name="test_review_rejects_leakage_cross_run_and_source_mutation[protected_leak]" time="0.794" /><testcase classname="tests.test_operate_manuscript_review" name="test_review_rejects_leakage_cross_run_and_source_mutation[cross_run]" time="0.776" /><testcase classname="tests.test_operate_manuscript_review" name="test_review_rejects_leakage_cross_run_and_source_mutation[source_tamper]" time="0.670" /><testcase classname="tests.test_operate_manuscript_review" name="test_source_only_review_is_caveated_without_false_pdf_claim" time="0.880" /><testcase classname="tests.test_operate_manuscript_review" name="test_false_execution_and_false_compiled_pdf_surface_at_hard_gate" time="1.244" /><testcase classname="tests.test_operate_manuscript_review" name="test_review_resume_is_idempotent_and_never_mutates_authoring" time="1.158" /><testcase classname="tests.test_operate_manuscript_review" name="test_review_rejects_authoring_run_that_is_the_review_run" time="0.270" /><testcase classname="tests.test_operate_manuscript_review" name="test_review_rejects_symlinked_authoring_input_before_hashing" time="0.254"><skipped type="pytest.skip" message="symlink creation unavailable on this filesystem: [WinError 1314] 客户端没有所需的特权。: 'C:\\Users\\廖神\\AppData\\Local\\Temp\\pytest-of-廖神\\pytest-2118\\test_review_rejects_symlinked_0\\director-owned-source.tex' -&gt; 'C:\\Users\\廖神\\AppData\\Local\\Temp\\pytest-of-廖神\\pytest-2118\\test_review_rejects_symlinked_0\\runs\\authoring-001\\source\\main.tex'">C:\Users\廖神\Desktop\Innovation_projects\Self-project\Personal AI Infrastructure\cases\Route A\AI agent database (for research)\research_agent_teams\tests\test_operate_manuscript_review.py:462: symlink creation unavailable on this filesystem: [WinError 1314] 客户端没有所需的特权。: 'C:\\Users\\廖神\\AppData\\Local\\Temp\\pytest-of-廖神\\pytest-2118\\test_review_rejects_symlinked_0\\director-owned-source.tex' -&gt; 'C:\\Users\\廖神\\AppData\\Local\\Temp\\pytest-of-廖神\\pytest-2118\\test_review_rejects_symlinked_0\\runs\\authoring-001\\source\\main.tex'</skipped></testcase><testcase classname="tests.test_operate_manuscript_review" name="test_self_reported_compiled_and_ready_claims_are_caveated_not_trusted" time="0.853" /><testcase classname="tests.test_operate_manuscript_review" name="test_secret_in_reviewer_finding_is_blocked_before_director_review_write" time="0.821" /><testcase classname="tests.test_operate_manuscript_review" name="test_review_report_writes_schema_valid_advisory_submission_checklist" time="0.630" /><testcase classname="tests.test_operate_manuscript_review" name="test_review_submission_checklist_preserves_blocking_capability_finding" time="0.609" /><testcase classname="tests.test_operate_manuscript_review" name="test_submission_checklist_fails_closed_on_missing_or_tampered_evidence[missing_overview]" time="0.538" /><testcase classname="tests.test_operate_manuscript_review" name="test_submission_checklist_fails_closed_on_missing_or_tampered_evidence[tampered_quality]" time="0.460" /><testcase classname="tests.test_panel_scheduler" name="test_scheduler_releases_blind_wave_before_synthesizer" time="0.454" /><testcase classname="tests.test_panel_scheduler" name="test_scheduler_receipt_write_rejects_linked_parent_before_touching_outside" time="0.174" /><testcase classname="tests.test_panel_scheduler" name="test_scheduler_refuses_unknown_or_missing_predecessor" time="0.142" /><testcase classname="tests.test_panel_scheduler" name="test_evidence_deep_legacy_linker_bundle_blocks_citation_auditor_release" time="0.264" /><testcase classname="tests.test_panel_scheduler" name="test_scheduler_derives_maximal_wave_from_dependencies_when_groups_are_omitted" time="0.288" /><testcase classname="tests.test_panel_scheduler" name="test_scheduler_keeps_legacy_no_dependency_panel_serial" time="0.127" /><testcase classname="tests.test_panel_scheduler" name="test_director_extension_expands_only_targeted_supplement_budget" time="0.291" /><testcase classname="tests.test_panel_scheduler" name="test_group_order_can_avoid_inventing_unrelated_freshness_dependencies" time="0.004" /><testcase classname="tests.test_panel_scheduler" name="test_scheduler_refuses_forbidden_read_scope_overlap" time="0.127" /><testcase classname="tests.test_panel_scheduler" name="test_scheduler_enforces_real_worker_hop_budget_atomically" time="0.118" /><testcase classname="tests.test_panel_scheduler" name="test_hop_budget_is_global_across_stage_receipts" time="0.239" /><testcase classname="tests.test_panel_scheduler" name="test_supplement_budget_is_independent_from_initial_budget" time="0.705" /><testcase classname="tests.test_panel_scheduler" name="test_targeted_repair_targets_only_terminal_worker" time="0.595" /><testcase classname="tests.test_panel_scheduler" name="test_targeted_repair_routes_named_bundle_to_owner_before_terminal_fallback" time="0.536" /><testcase classname="tests.test_panel_scheduler" name="test_plain_repair_routes_typed_staleness_collection_to_leaf_owner" time="0.002" /><testcase classname="tests.test_panel_scheduler" name="test_plain_repair_routes_source_quality_contract_to_ranker" time="0.002" /><testcase classname="tests.test_panel_scheduler" name="test_preexisting_outputs_cannot_bypass_dispatch_receipt" time="0.138" /><testcase classname="tests.test_panel_scheduler" name="test_stateful_mode_cannot_claim_complete_without_all_worker_receipts" time="0.013" /><testcase classname="tests.test_panel_scheduler" name="test_canonical_direction_label_is_explicit" time="0.001" /><testcase classname="tests.test_panel_scheduler" name="test_cwd_relative_output_containing_run_root_is_resolved_once" time="0.135" /><testcase classname="tests.test_panel_scheduler" name="test_targeted_repair_preserves_originals_and_refreshes_only_named_consumers" time="0.908" /><testcase classname="tests.test_panel_scheduler" name="test_first_run_worker_after_completed_repair_uses_logical_output_without_repair_feedback" time="0.612" /><testcase classname="tests.test_output_versions" name="test_duplicate_canonical_labels_get_isolated_supplement_lineage" time="0.067" /><testcase classname="tests.test_output_versions" name="test_repair_plan_write_rejects_linked_parent_before_touching_outside" time="0.026" /></testsuite></testsuites>