<?xml version="1.0" encoding="utf-8"?><testsuites name="pytest tests"><testsuite name="pytest" errors="0" failures="2" skipped="4" tests="3698" time="249.139" timestamp="2026-07-22T10:20:40.838639+08:00" hostname="LAPTOP-8251QOJI"><testcase classname="tests.test_ablation_runner" name="test_planned_record_is_schema_valid" time="0.066" /><testcase classname="tests.test_ablation_runner" name="test_provisional_record_with_metrics_is_schema_valid" time="0.001" /><testcase classname="tests.test_ablation_runner" name="test_frozen_status_raises_value_error" time="0.001" /><testcase classname="tests.test_ablation_runner" name="test_approved_status_raises_value_error" time="0.001" /><testcase classname="tests.test_ablation_runner" name="test_provenance_carries_config_hash" time="0.001" /><testcase classname="tests.test_ablation_runner" name="test_metrics_default_to_empty_dict" time="0.001" /><testcase classname="tests.test_ablation_runner" name="test_notes_omitted_when_none" time="0.001" /><testcase classname="tests.test_ablation_runner" name="test_notes_present_when_given" time="0.001" /><testcase classname="tests.test_ablation_runner" name="test_optional_provenance_fields_are_none_by_default" time="0.001" /><testcase classname="tests.test_aers_catalog_router" name="test_load_candidates_is_catalog_only_and_schema_valid" time="0.026" /><testcase classname="tests.test_aers_catalog_router" name="test_default_query_returns_only_safe_references" time="0.009" /><testcase classname="tests.test_aers_catalog_router" name="test_review_required_items_are_visible_only_when_requested" time="0.009" /><testcase classname="tests.test_aers_catalog_router" name="test_missing_and_escaping_paths_are_do_not_use" time="0.008" /><testcase classname="tests.test_aers_catalog_router" name="test_summary_never_claims_vault_write_or_child_body_read" time="0.009" /><testcase classname="tests.test_aers_catalog_router" name="test_default_catalog_is_internal_metadata_snapshot" time="0.038" /><testcase classname="tests.test_aers_skill_integration_planner" name="test_aers_integration_plan_maps_all_lanes" time="0.019" /><testcase classname="tests.test_aers_skill_integration_planner" name="test_aers_integration_plan_cli_rejects_vault_out" time="0.011" /><testcase classname="tests.test_agent_connectivity" name="test_agent_connectivity_contract_is_clean" time="0.135" /><testcase classname="tests.test_agent_connectivity" name="test_every_non_control_agent_has_graph_and_mode_entry" time="0.122" /><testcase classname="tests.test_agent_connectivity" name="test_operated_surface_stays_honest_and_separate_from_routable_surface" time="0.135" /><testcase classname="tests.test_agent_connectivity" name="test_coverage_closure_modes_cover_previous_dark_matter_agents" time="0.145" /><testcase classname="tests.test_agent_connectivity" name="test_manuscript_roles_have_exact_roster_graph_and_mode_connectivity" time="3.143" /><testcase classname="tests.test_agent_connectivity" name="test_manuscript_author_and_expert_reviewer_scopes_remain_disjoint" time="0.124" /><testcase classname="tests.test_agent_connectivity" name="test_deep_ideation_worker_labels_are_real_roster_agents" time="0.014" /><testcase classname="tests.test_agent_connectivity" name="test_ambiguous_direction_label_has_one_explicit_canonical_role" time="0.010" /><testcase classname="tests.test_agent_connectivity" name="test_venue_persona_workers_are_distinct_traceable_agents" time="0.133" /><testcase classname="tests.test_agent_connectivity" name="test_operated_evidence_panel_labels_match_roster_graph_and_mode" time="0.449" /><testcase classname="tests.test_agent_spec_conformance.TestFrontmatterParseable" name="test_all_agents_parseable" time="0.460" /><testcase classname="tests.test_agent_spec_conformance.TestModelField" name="test_all_models_valid" time="0.469" /><testcase classname="tests.test_agent_spec_conformance.TestToolDeclarations" name="test_no_agent_declares_bash_tool" time="0.503" /><testcase classname="tests.test_agent_spec_conformance.TestSpecVersion" name="test_all_agents_have_spec_version" time="0.503" /><testcase classname="tests.test_agent_spec_conformance.TestNorthStarCoverage" name="test_north_star_100_percent" time="0.468" /><testcase classname="tests.test_agent_spec_conformance.TestSynthesisWriterModelOpus" name="test_synthesis_writer_is_opus" time="0.004" /><testcase classname="tests.test_agent_spec_conformance.TestInlineTwinAnnotations" name="test_inline_twin_agents_annotated" time="0.078" /><testcase classname="tests.test_agent_spec_conformance.TestInlineTwinAnnotations" name="test_inline_twin_named_modules_exist" time="0.464" /><testcase classname="tests.test_agent_spec_conformance.TestSharedFragmentContainment" name="test_authoritative_taxonomy_parses_to_seven" time="0.001" /><testcase classname="tests.test_agent_spec_conformance.TestSharedFragmentContainment" name="test_full_taxonomy_contained_in_inline_and_spec" time="0.001" /><testcase classname="tests.test_agent_spec_conformance.TestSharedFragmentContainment" name="test_gap_breadth_hunter_types_are_canonical" time="0.001" /><testcase classname="tests.test_alignment_checker" name="test_aligned_pipelines_pass" time="0.001" /><testcase classname="tests.test_alignment_checker" name="test_preprocessing_mismatch_blocks" time="0.001" /><testcase classname="tests.test_alignment_checker" name="test_eval_augmentation_blocks" time="0.001" /><testcase classname="tests.test_alignment_checker" name="test_precision_mismatch_blocks" time="0.001" /><testcase classname="tests.test_alignment_checker" name="test_undeclared_pretraining_blocks" time="0.001" /><testcase classname="tests.test_alignment_checker" name="test_missing_eval_inference_blocks" time="0.001" /><testcase classname="tests.test_alignment_checker" name="test_report_is_schema_valid_and_carries_profile_invariants" time="0.001" /><testcase classname="tests.test_analogy_graph_match" name="test_identical_sets_overlap_is_one" time="0.001" /><testcase classname="tests.test_analogy_graph_match" name="test_disjoint_sets_overlap_is_zero" time="0.001" /><testcase classname="tests.test_analogy_graph_match" name="test_partial_overlap_is_correct_jaccard" time="0.001" /><testcase classname="tests.test_analogy_graph_match" name="test_subset_overlap_is_correct_jaccard" time="0.001" /><testcase classname="tests.test_analogy_graph_match" name="test_match_partitions_shared_source_only_target_only" time="0.001" /><testcase classname="tests.test_analogy_graph_match" name="test_match_keys_present_and_typed" time="0.001" /><testcase classname="tests.test_analogy_graph_match" name="test_case_and_whitespace_insensitive" time="0.001" /><testcase classname="tests.test_analogy_graph_match" name="test_duplicates_collapse" time="0.001" /><testcase classname="tests.test_analogy_graph_match" name="test_blank_mechanisms_dropped" time="0.001" /><testcase classname="tests.test_analogy_graph_match" name="test_both_empty_overlap_is_zero" time="0.001" /><testcase classname="tests.test_analogy_graph_match" name="test_one_empty_overlap_is_zero" time="0.001" /><testcase classname="tests.test_analogy_graph_match" name="test_deterministic_same_input_same_output" time="0.001" /><testcase classname="tests.test_analogy_graph_match" name="test_deterministic_order_independent" time="0.001" /><testcase classname="tests.test_analogy_graph_match" name="test_sample_mapping_validates_against_schema" time="0.002" /><testcase classname="tests.test_analogy_graph_match" name="test_repair_verdict_with_blocker_validates" time="0.001" /><testcase classname="tests.test_analogy_graph_match" name="test_reject_verdict_validates" time="0.001" /><testcase classname="tests.test_analogy_graph_match" name="test_pass_with_blocking_assumption_is_rejected" time="0.002" /><testcase classname="tests.test_analogy_graph_match" name="test_empty_shared_mechanisms_is_rejected" time="0.001" /><testcase classname="tests.test_analogy_graph_match" name="test_invalid_verdict_enum_is_rejected" time="0.001" /><testcase classname="tests.test_analogy_graph_match" name="test_overlap_score_out_of_range_is_rejected" time="0.001" /><testcase classname="tests.test_analogy_graph_match" name="test_additional_property_is_rejected" time="0.001" /><testcase classname="tests.test_analogy_graph_match" name="test_missing_required_field_is_rejected" time="0.001" /><testcase classname="tests.test_analogy_graph_match" name="test_blank_mapping_id_is_rejected" time="0.001" /><testcase classname="tests.test_analyze_panel_schemas" name="test_baseline_audit_report_wellformed" time="0.001" /><testcase classname="tests.test_analyze_panel_schemas" name="test_baseline_audit_report_missing_clean_rejected" time="0.002" /><testcase classname="tests.test_analyze_panel_schemas" name="test_baseline_audit_report_extra_field_rejected" time="0.002" /><testcase classname="tests.test_analyze_panel_schemas" name="test_baseline_audit_report_empty_conditions_rejected" time="0.001" /><testcase classname="tests.test_analyze_panel_schemas" name="test_variance_report_wellformed" time="0.001" /><testcase classname="tests.test_analyze_panel_schemas" name="test_variance_report_missing_n_seeds_rejected" time="0.002" /><testcase classname="tests.test_analyze_panel_schemas" name="test_variance_report_missing_seed_count_insufficient_rejected" time="0.002" /><testcase classname="tests.test_analyze_panel_schemas" name="test_variance_report_invalid_stability_label_rejected" time="0.001" /><testcase classname="tests.test_analyze_panel_schemas" name="test_variance_report_negative_n_seeds_rejected" time="0.001" /><testcase classname="tests.test_analyze_panel_schemas" name="test_analysis_check_verdict_pass_wellformed" time="0.001" /><testcase classname="tests.test_analyze_panel_schemas" name="test_analysis_check_verdict_fail_wellformed" time="0.001" /><testcase classname="tests.test_analyze_panel_schemas" name="test_analysis_check_verdict_goal_alignment_wellformed" time="0.001" /><testcase classname="tests.test_analyze_panel_schemas" name="test_all_three_panel_roles_are_valid" time="0.002" /><testcase classname="tests.test_analyze_panel_schemas" name="test_violation_present_but_pass_true_is_rejected" time="0.001" /><testcase classname="tests.test_analyze_panel_schemas" name="test_invalid_panel_role_rejected" time="0.001" /><testcase classname="tests.test_analyze_panel_schemas" name="test_missing_panel_role_rejected" time="0.002" /><testcase classname="tests.test_analyze_panel_schemas" name="test_missing_violations_field_rejected" time="0.001" /><testcase classname="tests.test_analyze_panel_schemas" name="test_extra_field_rejected" time="0.002" /><testcase classname="tests.test_analyze_panel_schemas" name="test_failure_inventory_wellformed" time="0.001" /><testcase classname="tests.test_analyze_panel_schemas" name="test_failure_inventory_empty_failures_rejected" time="0.001" /><testcase classname="tests.test_analyze_panel_schemas" name="test_failure_inventory_missing_type_rejected" time="0.002" /><testcase classname="tests.test_analyze_panel_schemas" name="test_failure_inventory_missing_condition_id_rejected" time="0.002" /><testcase classname="tests.test_analyze_panel_schemas" name="test_failure_inventory_missing_description_rejected" time="0.001" /><testcase classname="tests.test_analyze_panel_schemas" name="test_figure_spec_bundle_wellformed" time="0.001" /><testcase classname="tests.test_analyze_panel_schemas" name="test_figure_spec_bundle_empty_figures_rejected" time="0.002" /><testcase classname="tests.test_analyze_panel_schemas" name="test_figure_spec_bundle_missing_title_rejected" time="0.001" /><testcase classname="tests.test_analyze_panel_schemas" name="test_figure_spec_bundle_invalid_figure_type_rejected" time="0.001" /><testcase classname="tests.test_analyze_panel_schemas" name="test_figure_spec_bundle_missing_figure_id_rejected" time="0.001" /><testcase classname="tests.test_analyze_panel_schemas" name="test_viz_audit_report_clean_wellformed" time="0.001" /><testcase classname="tests.test_analyze_panel_schemas" name="test_viz_audit_report_with_flag_wellformed" time="0.001" /><testcase classname="tests.test_analyze_panel_schemas" name="test_viz_audit_report_missing_clean_rejected" time="0.002" /><testcase classname="tests.test_analyze_panel_schemas" name="test_viz_audit_report_flag_missing_detail_rejected" time="0.001" /><testcase classname="tests.test_analyze_panel_schemas" name="test_viz_audit_report_invalid_axis_rejected" time="0.001" /><testcase classname="tests.test_analyze_panel_schemas" name="test_calibrated_claims_wellformed_inconclusive" time="0.001" /><testcase classname="tests.test_analyze_panel_schemas" name="test_calibrated_claims_wellformed_strong" time="0.001" /><testcase classname="tests.test_analyze_panel_schemas" name="test_calibrated_claims_empty_list_rejected" time="0.001" /><testcase classname="tests.test_analyze_panel_schemas" name="test_calibrated_claims_invalid_strength_rejected" time="0.001" /><testcase classname="tests.test_analyze_panel_schemas" name="test_calibrated_claims_missing_strength_rejected" time="0.001" /><testcase classname="tests.test_analyze_panel_schemas" name="test_calibrated_claims_missing_original_claim_rejected" time="0.002" /><testcase classname="tests.test_baseline_audit" name="test_clean_comparison_has_no_flags" time="0.001" /><testcase classname="tests.test_baseline_audit" name="test_build_report_clean_is_true_when_no_flags" time="0.000" /><testcase classname="tests.test_baseline_audit" name="test_budget_asymmetry_is_flagged" time="0.001" /><testcase classname="tests.test_baseline_audit" name="test_data_asymmetry_is_flagged" time="0.001" /><testcase classname="tests.test_baseline_audit" name="test_metric_impl_asymmetry_is_flagged" time="0.001" /><testcase classname="tests.test_baseline_audit" name="test_postprocess_asymmetry_is_flagged" time="0.001" /><testcase classname="tests.test_baseline_audit" name="test_build_report_clean_is_false_when_flags_present" time="0.001" /><testcase classname="tests.test_baseline_audit" name="test_flag_includes_condition_pair" time="0.001" /><testcase classname="tests.test_baseline_audit" name="test_real_profile_no_false_positives_on_fair_comparison" time="0.007" /><testcase classname="tests.test_baseline_audit" name="test_real_profile_budget_asymmetry_fires" time="0.009" /><testcase classname="tests.test_baseline_audit" name="test_h1a_both_conditions_missing_budget_is_flagged" time="0.001" /><testcase classname="tests.test_baseline_audit" name="test_h1a_both_conditions_missing_data_hash_is_flagged" time="0.001" /><testcase classname="tests.test_baseline_audit" name="test_h1b_max_epochs_4x_asymmetry_is_flagged" time="0.001" /><testcase classname="tests.test_baseline_audit" name="test_fix5_num_iterations_4x_asymmetry_is_flagged_as_budget" time="0.001" /><testcase classname="tests.test_baseline_audit" name="test_h1b_profile_budget_keys_override_default" time="0.001" /><testcase classname="tests.test_baseline_audit" name="test_h1c_dice_vs_iou_primary_metric_flagged_without_profile" time="0.001" /><testcase classname="tests.test_baseline_audit" name="test_h1c_same_primary_metric_no_false_positive" time="0.001" /><testcase classname="tests.test_bounded_repair" name="test_success_passes_through_untouched" time="0.002" /><testcase classname="tests.test_bounded_repair" name="test_generic_gateblock_is_immediately_terminal_and_not_recorded_as_repair" time="0.002" /><testcase classname="tests.test_bounded_repair" name="test_targeted_block_verdict_is_immediately_terminal_and_not_recorded_as_repair" time="0.002" /><testcase classname="tests.test_bounded_repair" name="test_three_repairs_then_success_under_cap_3" time="0.024" /><testcase classname="tests.test_bounded_repair" name="test_cap_reached_reraises_the_original_gateblock" time="0.018" /><testcase classname="tests.test_bounded_repair" name="test_cap_one_permits_exactly_one_retry" time="0.006" /><testcase classname="tests.test_bounded_repair" name="test_missing_budget_key_uses_safe_default_never_unbounded" time="0.009" /><testcase classname="tests.test_bounded_repair" name="test_state_survives_a_crash_and_stages_are_independent" time="0.013" /><testcase classname="tests.test_bounded_repair" name="test_feedback_text_is_repair_shaped" time="0.001" /><testcase classname="tests.test_budget" name="test_within_when_under_limits" time="0.001" /><testcase classname="tests.test_budget" name="test_violation_when_cap_reached" time="0.001" /><testcase classname="tests.test_budget" name="test_null_limit_is_unbounded" time="0.001" /><testcase classname="tests.test_budget" name="test_assert_within_raises_on_exceed" time="0.001" /><testcase classname="tests.test_budget" name="test_remaining_counts_down_and_handles_unbounded" time="0.001" /><testcase classname="tests.test_capability_catalog" name="test_capability_catalog_is_schema_valid_and_no_write_surface" time="0.376" /><testcase classname="tests.test_capability_catalog" name="test_operated_modes_are_exactly_the_real_operate_registry" time="0.325" /><testcase classname="tests.test_capability_catalog" name="test_spec_only_modes_are_honestly_not_push_button" time="0.373" /><testcase classname="tests.test_capability_catalog" name="test_every_spec_only_mode_has_a_machine_readable_target_product_contract" time="0.324" /><testcase classname="tests.test_capability_catalog" name="test_spec_only_maturity_matrix_and_target_markdown_paths_are_pinned" time="0.690" /><testcase classname="tests.test_capability_catalog" name="test_manuscript_modes_are_distinct_operated_contracts_with_no_phantom_review_pack" time="0.424" /><testcase classname="tests.test_capability_catalog" name="test_capability_catalog_rejects_a_yaml_only_manuscript_operated_claim" time="0.390" /><testcase classname="tests.test_capability_catalog" name="test_manuscript_authoring_contract_is_sparse_adaptive_and_section_complete" time="0.120" /><testcase classname="tests.test_capability_catalog" name="test_manuscript_review_contract_requires_blind_capability_closure_and_join" time="0.222" /><testcase classname="tests.test_capability_catalog" name="test_aers_pack_and_m2_accept_keep_execution_claims_honest" time="0.309" /><testcase classname="tests.test_capability_catalog" name="test_catalog_validation_rejects_missing_contract_and_unknown_pipeline_worker" time="0.376" /><testcase classname="tests.test_capability_catalog" name="test_capability_schema_requires_product_contract_for_spec_only_rows" time="0.348" /><testcase classname="tests.test_capability_catalog" name="test_server_and_execute_boundaries_are_explicit" time="0.384" /><testcase classname="tests.test_capability_catalog" name="test_query_modes_filters_without_hiding_honesty_fields" time="0.930" /><testcase classname="tests.test_capability_catalog" name="test_capability_catalog_cli_rejects_default_vault_out" time="0.385" /><testcase classname="tests.test_check_contribution_binding" name="test_fully_bound_ledger_passes" time="0.001" /><testcase classname="tests.test_check_contribution_binding" name="test_single_contribution_fully_bound_passes" time="0.001" /><testcase classname="tests.test_check_contribution_binding" name="test_empty_contributions_passes" time="0.001" /><testcase classname="tests.test_check_contribution_binding" name="test_empty_evidence_refs_list_blocked" time="0.001" /><testcase classname="tests.test_check_contribution_binding" name="test_missing_evidence_refs_key_blocked" time="0.001" /><testcase classname="tests.test_check_contribution_binding" name="test_blank_evidence_ref_string_blocked" time="0.001" /><testcase classname="tests.test_check_contribution_binding" name="test_multiple_refs_one_blank_blocked" time="0.001" /><testcase classname="tests.test_check_contribution_binding" name="test_empty_condition_id_blocked" time="0.001" /><testcase classname="tests.test_check_contribution_binding" name="test_whitespace_condition_id_blocked" time="0.001" /><testcase classname="tests.test_check_contribution_binding" name="test_missing_condition_id_key_blocked" time="0.001" /><testcase classname="tests.test_check_contribution_binding" name="test_mixed_binding_all_violations_reported" time="0.001" /><testcase classname="tests.test_check_contribution_binding" name="test_one_unbound_one_bound_reports_only_unbound" time="0.001" /><testcase classname="tests.test_check_review_independence" name="test_clean_config_passes" time="0.001" /><testcase classname="tests.test_check_review_independence" name="test_single_lens_is_invalid" time="0.001" /><testcase classname="tests.test_check_review_independence" name="test_empty_lenses_is_invalid" time="0.001" /><testcase classname="tests.test_check_review_independence" name="test_duplicate_lens_methodology_blocked" time="0.001" /><testcase classname="tests.test_check_review_independence" name="test_duplicate_lens_domain_blocked" time="0.001" /><testcase classname="tests.test_check_review_independence" name="test_duplicate_lens_build_report_invalid" time="0.001" /><testcase classname="tests.test_check_review_independence" name="test_empty_anchor_blocked" time="0.001" /><testcase classname="tests.test_check_review_independence" name="test_whitespace_only_anchor_blocked" time="0.001" /><testcase classname="tests.test_check_review_independence" name="test_missing_anchor_key_blocked" time="0.001" /><testcase classname="tests.test_check_review_independence" name="test_duplicate_lens_and_empty_anchor_both_flagged" time="0.001" /><testcase classname="tests.test_check_review_independence" name="test_l1_single_lens_panel_is_violation" time="0.001" /><testcase classname="tests.test_check_review_independence" name="test_l1_zero_lens_panel_is_violation" time="0.001" /><testcase classname="tests.test_check_review_independence" name="test_l1_two_lenses_passes_independence_count" time="0.001" /><testcase classname="tests.test_check_review_independence" name="test_l1_identical_anchor_text_is_violation" time="0.001" /><testcase classname="tests.test_check_review_independence" name="test_l1_distinct_anchor_text_passes" time="0.001" /><testcase classname="tests.test_check_synthesis_coverage" name="test_clean_all_blocks_addressed_passes" time="0.001" /><testcase classname="tests.test_check_synthesis_coverage" name="test_no_blocks_no_flags_passes" time="0.001" /><testcase classname="tests.test_check_synthesis_coverage" name="test_empty_panel_passes" time="0.001" /><testcase classname="tests.test_check_synthesis_coverage" name="test_approve_over_unaddressed_block_is_caught" time="0.001" /><testcase classname="tests.test_check_synthesis_coverage" name="test_approve_over_unaddressed_block_no_finding_id_still_caught" time="0.001" /><testcase classname="tests.test_check_synthesis_coverage" name="test_block_verdict_over_unaddressed_block_passes_check" time="0.001" /><testcase classname="tests.test_check_synthesis_coverage" name="test_unaddressed_critic_flag_blocks" time="0.001" /><testcase classname="tests.test_check_synthesis_coverage" name="test_addressed_critic_flag_passes" time="0.001" /><testcase classname="tests.test_check_synthesis_coverage" name="test_c1_critic_flag_vacuous_block_source_dot_is_blocked" time="0.001" /><testcase classname="tests.test_check_synthesis_coverage" name="test_c1_critic_flag_vacuous_rebuttal_dot_is_blocked" time="0.001" /><testcase classname="tests.test_check_synthesis_coverage" name="test_c1_genuinely_addressed_critic_flag_passes" time="0.001" /><testcase classname="tests.test_check_synthesis_coverage" name="test_c1_block_source_superset_of_flag_passes" time="0.001" /><testcase classname="tests.test_check_synthesis_coverage" name="test_fix2_reviewer_block_one_char_rebuttal_is_blocked" time="0.001" /><testcase classname="tests.test_check_synthesis_coverage" name="test_fix2_reviewer_block_exact_source_substantive_rebuttal_passes" time="0.001" /><testcase classname="tests.test_check_synthesis_coverage" name="test_real_profile_shaped_block_approve_over_unaddressed_fires" time="0.009" /><testcase classname="tests.test_check_synthesis_fidelity" name="test_approve_consistent_no_violation" time="0.001" /><testcase classname="tests.test_check_synthesis_fidelity" name="test_block_consistent_no_violation" time="0.001" /><testcase classname="tests.test_check_synthesis_fidelity" name="test_block_with_concerns_prose_passes" time="0.001" /><testcase classname="tests.test_check_synthesis_fidelity" name="test_block_with_issues_prose_passes" time="0.001" /><testcase classname="tests.test_check_synthesis_fidelity" name="test_approve_with_ready_prose_passes" time="0.001" /><testcase classname="tests.test_check_synthesis_fidelity" name="test_block_structure_but_no_concerns_prose_is_caught" time="0.001" /><testcase classname="tests.test_check_synthesis_fidelity" name="test_block_structure_but_approve_prose_is_caught" time="0.001" /><testcase classname="tests.test_check_synthesis_fidelity" name="test_block_structure_but_work_is_ready_prose_blocked" time="0.001" /><testcase classname="tests.test_check_synthesis_fidelity" name="test_approve_structure_but_concerns_prose_is_caught" time="0.001" /><testcase classname="tests.test_check_synthesis_fidelity" name="test_approve_structure_but_fail_prose_is_caught" time="0.001" /><testcase classname="tests.test_check_synthesis_fidelity" name="test_structured_verdict_copy_mismatch_is_caught" time="0.001" /><testcase classname="tests.test_check_synthesis_fidelity" name="test_missing_prose_verdict_word_is_caught" time="0.001" /><testcase classname="tests.test_check_synthesis_fidelity" name="test_build_report_pass_when_consistent" time="0.001" /><testcase classname="tests.test_check_synthesis_fidelity" name="test_build_report_block_on_mismatch" time="0.001" /><testcase classname="tests.test_check_synthesis_fidelity" name="test_m4a_approve_no_concerns_identified_no_violation" time="0.001" /><testcase classname="tests.test_check_synthesis_fidelity" name="test_m4b_block_no_concerns_is_violation" time="0.001" /><testcase classname="tests.test_check_synthesis_fidelity" name="test_m4c_block_neutral_prose_no_block_signal_is_violation" time="0.001" /><testcase classname="tests.test_check_synthesis_fidelity" name="test_m4_word_boundary_tissue_no_false_positive" time="0.001" /><testcase classname="tests.test_check_synthesis_fidelity" name="test_m4_word_boundary_failure_triggers" time="0.001" /><testcase classname="tests.test_check_threats_coverage" name="test_all_four_dimensions_passes" time="0.001" /><testcase classname="tests.test_check_threats_coverage" name="test_multiple_threats_per_dimension_passes" time="0.001" /><testcase classname="tests.test_check_threats_coverage" name="test_four_dimensions_different_severities_pass" time="0.001" /><testcase classname="tests.test_check_threats_coverage" name="test_only_internal_covered_three_missing" time="0.001" /><testcase classname="tests.test_check_threats_coverage" name="test_all_missing_four_violations" time="0.001" /><testcase classname="tests.test_check_threats_coverage" name="test_three_of_four_covered_one_missing" time="0.001" /><testcase classname="tests.test_check_threats_coverage" name="test_two_missing_two_violations" time="0.001" /><testcase classname="tests.test_check_threats_coverage" name="test_unknown_dimension_does_not_count_as_coverage" time="0.001" /><testcase classname="tests.test_check_threats_coverage" name="test_build_report_missing_dimensions_field_accurate" time="0.001" /><testcase classname="tests.test_check_threats_coverage" name="test_build_report_missing_dimensions_empty_when_all_covered" time="0.001" /><testcase classname="tests.test_check_threats_coverage" name="test_required_dimensions_constant" time="0.001" /><testcase classname="tests.test_citation_attribution" name="test_local_pdf_snapshot_uses_complete_page_text_not_search_excerpts" time="0.080" /><testcase classname="tests.test_citation_attribution" name="test_independent_precise_span_attribution_passes_and_derives_metrics" time="0.005" /><testcase classname="tests.test_citation_attribution" name="test_linker_self_attestation_or_unverified_locator_blocks" time="0.004" /><testcase classname="tests.test_citation_attribution" name="test_partial_support_cannot_masquerade_as_supported_claim" time="0.005" /><testcase classname="tests.test_citation_attribution" name="test_strict_paper_read_requires_complete_support_even_when_linker_agrees_partial" time="0.004" /><testcase classname="tests.test_citation_attribution" name="test_complete_document_coverage_can_caveat_an_absence_claim" time="0.005" /><testcase classname="tests.test_citation_attribution" name="test_strict_map_without_exact_locator_blocks" time="0.005" /><testcase classname="tests.test_citation_attribution" name="test_recomputed_snapshot_hash_mismatch_blocks" time="0.005" /><testcase classname="tests.test_citation_attribution" name="test_recomputed_span_quote_mismatch_blocks" time="0.005" /><testcase classname="tests.test_citation_attribution" name="test_missing_snapshot_is_unverified_never_pass" time="0.005" /><testcase classname="tests.test_citation_attribution" name="test_absent_independent_auditor_blocks_current_run" time="0.005" /><testcase classname="tests.test_citation_attribution" name="test_explicit_legacy_replay_is_visible_and_can_never_pass" time="0.016" /><testcase classname="tests.test_citation_attribution" name="test_machine_readable_json_table_cell_can_be_reopened_and_verified" time="0.015" /><testcase classname="tests.test_citation_attribution" name="test_snapshot_path_escape_is_a_hard_policy_block" time="0.006" /><testcase classname="tests.test_citation_checker" name="test_clean_claim_passes" time="0.001" /><testcase classname="tests.test_citation_checker" name="test_multiple_clean_claims_pass" time="0.001" /><testcase classname="tests.test_citation_checker" name="test_no_resolvable_refs_argument_skips_ref_check" time="0.001" /><testcase classname="tests.test_citation_checker" name="test_claim_not_in_map_blocks" time="0.001" /><testcase classname="tests.test_citation_checker" name="test_empty_loci_blocks" time="0.001" /><testcase classname="tests.test_citation_checker" name="test_supports_claim_false_blocks" time="0.001" /><testcase classname="tests.test_citation_checker" name="test_unresolvable_ref_blocks" time="0.001" /><testcase classname="tests.test_citation_checker" name="test_multiple_violations_all_reported" time="0.001" /><testcase classname="tests.test_citation_checker" name="test_locus_reports_opposite_result_blocks" time="0.008" /><testcase classname="tests.test_citation_checker" name="test_locus_missing_supports_claim_blocks" time="0.001" /><testcase classname="tests.test_citation_checker" name="test_fix1_parenthetical_sample_sizes_passes" time="0.001" /><testcase classname="tests.test_citation_checker" name="test_fix1_lower_is_better_metric_win_passes" time="0.001" /><testcase classname="tests.test_citation_checker" name="test_fix1_baseline_listed_first_passes" time="0.001" /><testcase classname="tests.test_citation_checker" name="test_empty_claim_id_in_claim_list_blocks" time="0.001" /><testcase classname="tests.test_citation_checker" name="test_empty_claim_id_mapping_ignored_valid_claim_passes" time="0.001" /><testcase classname="tests.test_citation_checker" name="test_check_no_locus_clean" time="0.001" /><testcase classname="tests.test_citation_checker" name="test_check_no_locus_missing" time="0.001" /><testcase classname="tests.test_citation_checker" name="test_check_contradicted_clean" time="0.001" /><testcase classname="tests.test_citation_checker" name="test_check_contradicted_fires" time="0.001" /><testcase classname="tests.test_citation_checker" name="test_check_unresolvable_skipped_when_no_refs" time="0.001" /><testcase classname="tests.test_citation_checker" name="test_check_unresolvable_fires" time="0.001" /><testcase classname="tests.test_citation_existence" name="test_classify_ref_forms" time="0.001" /><testcase classname="tests.test_citation_existence" name="test_slug_and_url_are_skipped_without_network" time="0.001" /><testcase classname="tests.test_citation_existence" name="test_doi_verified_not_found_and_lookup_error" time="0.001" /><testcase classname="tests.test_citation_existence" name="test_doi_falls_back_to_openalex_for_datacite_dois" time="0.001" /><testcase classname="tests.test_citation_existence" name="test_doi_not_found_only_when_both_crossref_and_openalex_answer_absent" time="0.001" /><testcase classname="tests.test_citation_existence" name="test_doi_openalex_outage_after_crossref_404_is_lookup_error_not_block" time="0.001" /><testcase classname="tests.test_citation_existence" name="test_arxiv_states" time="0.001" /><testcase classname="tests.test_citation_existence" name="test_title_match_verified_junk_not_found_outage_lookup_error" time="0.001" /><testcase classname="tests.test_citation_existence" name="test_title_partial_outage_is_lookup_error_not_false_not_found" time="0.001" /><testcase classname="tests.test_citation_existence" name="test_cache_hits_and_never_caches_lookup_error" time="0.035" /><testcase classname="tests.test_citation_existence" name="test_verdict_blocks_only_on_confirmed_not_found" time="0.001" /><testcase classname="tests.test_citation_existence" name="test_verdict_artifact_passes_schema_and_tamper_fails" time="0.002" /><testcase classname="tests.test_claim_calibration" name="test_strong_when_delta_ge_2x_variance" time="0.001" /><testcase classname="tests.test_claim_calibration" name="test_moderate_when_delta_ge_1x_variance" time="0.001" /><testcase classname="tests.test_claim_calibration" name="test_marginal_when_delta_ge_half_variance" time="0.001" /><testcase classname="tests.test_claim_calibration" name="test_inconclusive_when_delta_lt_half_variance" time="0.001" /><testcase classname="tests.test_claim_calibration" name="test_marginal_when_variance_exactly_equals_delta" time="0.001" /><testcase classname="tests.test_claim_calibration" name="test_zero_variance_nonzero_delta_is_strong" time="0.001" /><testcase classname="tests.test_claim_calibration" name="test_zero_variance_zero_delta_is_inconclusive" time="0.001" /><testcase classname="tests.test_claim_calibration" name="test_none_delta_returns_inconclusive" time="0.001" /><testcase classname="tests.test_claim_calibration" name="test_none_variance_returns_inconclusive" time="0.001" /><testcase classname="tests.test_claim_calibration" name="test_overlapping_variance_claim_downgraded" time="0.001" /><testcase classname="tests.test_claim_calibration" name="test_well_separated_claim_stays_strong" time="0.001" /><testcase classname="tests.test_claim_calibration" name="test_downgraded_flag_set_when_strength_drops" time="0.001" /><testcase classname="tests.test_claim_calibration" name="test_not_downgraded_when_strength_unchanged" time="0.001" /><testcase classname="tests.test_claim_calibration" name="test_build_report_returns_calibrated_list" time="0.001" /><testcase classname="tests.test_claim_calibration" name="test_build_report_first_claim_is_downgraded_second_is_not" time="0.001" /><testcase classname="tests.test_claim_calibration" name="test_build_report_empty_claims_list_returns_empty_calibrated" time="0.001" /><testcase classname="tests.test_claim_calibration" name="test_calibrate_claim_with_absolute_delta_0003_and_variance_001" time="0.001" /><testcase classname="tests.test_claim_calibration" name="test_m2_none_delta_returns_inconclusive_not_moderate" time="0.001" /><testcase classname="tests.test_claim_calibration" name="test_m2_none_variance_returns_inconclusive_not_moderate" time="0.001" /><testcase classname="tests.test_claim_calibration" name="test_m2_both_none_returns_inconclusive" time="0.001" /><testcase classname="tests.test_claim_calibration" name="test_m2_calibrate_claim_no_delta_no_variance_is_inconclusive_and_downgraded" time="0.001" /><testcase classname="tests.test_claim_calibration" name="test_m2_build_report_claim_with_no_delta_is_inconclusive" time="0.001" /><testcase classname="tests.test_classify_gap" name="test_transfer_gap" time="0.001" /><testcase classname="tests.test_classify_gap" name="test_assumption_gap" time="0.001" /><testcase classname="tests.test_classify_gap" name="test_methodological_gap" time="0.001" /><testcase classname="tests.test_classify_gap" name="test_coverage_gap_via_hole" time="0.001" /><testcase classname="tests.test_classify_gap" name="test_coverage_gap_via_white_space_present" time="0.001" /><testcase classname="tests.test_classify_gap" name="test_evidence_gap" time="0.001" /><testcase classname="tests.test_classify_gap" name="test_empirical_gap_via_untested_condition" time="0.001" /><testcase classname="tests.test_classify_gap" name="test_empirical_gap_via_untested_dataset" time="0.001" /><testcase classname="tests.test_classify_gap" name="test_stated_open_problem" time="0.001" /><testcase classname="tests.test_classify_gap" name="test_transfer_beats_stated_open_problem" time="0.001" /><testcase classname="tests.test_classify_gap" name="test_assumption_beats_coverage" time="0.001" /><testcase classname="tests.test_classify_gap" name="test_methodological_beats_evidence" time="0.001" /><testcase classname="tests.test_classify_gap" name="test_transfer_beats_assumption" time="0.001" /><testcase classname="tests.test_classify_gap" name="test_signal_with_no_matching_rule_raises_value_error" time="0.001" /><testcase classname="tests.test_classify_gap" name="test_empty_signal_raises_value_error" time="0.001" /><testcase classname="tests.test_classify_gap" name="test_statement_only_no_source_ref_raises_value_error" time="0.001" /><testcase classname="tests.test_classify_gap" name="test_source_ref_only_no_statement_raises_value_error" time="0.001" /><testcase classname="tests.test_classify_gap" name="test_non_dict_input_raises_value_error" time="0.001" /><testcase classname="tests.test_classify_gap" name="test_build_classification_returns_correct_types" time="0.001" /><testcase classname="tests.test_classify_gap" name="test_build_classification_preserves_order" time="0.001" /><testcase classname="tests.test_classify_gap" name="test_build_classification_skips_unidentified_noise" time="0.001" /><testcase classname="tests.test_classify_gap" name="test_build_classification_raises_on_identified_unclassifiable" time="0.001" /><testcase classname="tests.test_classify_gap" name="test_build_classification_carries_derived_from" time="0.001" /><testcase classname="tests.test_classify_gap" name="test_build_classification_canonicalizes_descriptive_source_kind_from_provenance" time="0.001" /><testcase classname="tests.test_classify_gap" name="test_build_classification_validates_against_schema" time="0.002" /><testcase classname="tests.test_classify_gap" name="test_build_classification_empty_input" time="0.001" /><testcase classname="tests.test_classify_gap" name="test_classify_gap_deterministic_same_input_same_output" time="0.001" /><testcase classname="tests.test_classify_gap" name="test_build_classification_deterministic_stable_order" time="0.001" /><testcase classname="tests.test_cli_smoke" name="test_execute_cli_plan_smoke" time="0.004" /><testcase classname="tests.test_cli_smoke" name="test_operate_cli_begin_status_reject_smoke" time="0.446" /><testcase classname="tests.test_cli_smoke" name="test_promote_gate_cli_smoke_rejects_without_freeze" time="0.029" /><testcase classname="tests.test_collision_gate_integration" name="test_colliding_idea_is_cut_from_the_menu_and_survivors_remain" time="0.272" /><testcase classname="tests.test_collision_gate_integration" name="test_schema_invalid_string_booleans_never_cut_an_idea" time="0.190" /><testcase classname="tests.test_collision_gate_integration" name="test_hash_mismatched_fulltext_snapshot_never_cuts_an_idea" time="0.253" /><testcase classname="tests.test_collision_gate_integration" name="test_collision_verdict_artifact_is_written_and_schema_valid" time="0.221" /><testcase classname="tests.test_collision_gate_integration" name="test_cut_for_prior_art_surfaces_the_dead_entry" time="0.323" /><testcase classname="tests.test_collision_gate_integration" name="test_dead_cut_is_appended_to_the_cross_run_prior_art_ledger" time="0.255" /><testcase classname="tests.test_collision_gate_integration" name="test_offline_no_collision_bundle_cuts_nothing_and_flags_unverified" time="0.195" /><testcase classname="tests.test_collision_gate_integration" name="test_offline_report_open_questions_warns_novelty_not_verified" time="0.240" /><testcase classname="tests.test_collision_gate_integration" name="test_offline_cut_for_prior_art_is_empty" time="0.200" /><testcase classname="tests.test_collision_schema_contract" name="test_collision_schema_accepts_current_investment_memo_fields" time="0.002" /><testcase classname="tests.test_compare_metric_impls" name="test_identical_impls_passes" time="0.001" /><testcase classname="tests.test_compare_metric_impls" name="test_no_profile_consistent_impls_passes" time="0.001" /><testcase classname="tests.test_compare_metric_impls" name="test_empty_conditions_blocks" time="0.001" /><testcase classname="tests.test_compare_metric_impls" name="test_different_impl_ref_blocks" time="0.001" /><testcase classname="tests.test_compare_metric_impls" name="test_different_spacing_blocks" time="0.001" /><testcase classname="tests.test_compare_metric_impls" name="test_different_postprocess_blocks" time="0.001" /><testcase classname="tests.test_compare_metric_impls" name="test_missing_profile_metric_in_one_condition_blocks" time="0.001" /><testcase classname="tests.test_compare_metric_impls" name="test_all_profile_metrics_missing_from_both_blocks" time="0.001" /><testcase classname="tests.test_compare_metric_impls" name="test_condition_uses_wrong_canonical_impl_blocks" time="0.001" /><testcase classname="tests.test_compare_metric_impls" name="test_no_canonical_impl_skips_canonical_check" time="0.001" /><testcase classname="tests.test_compare_metric_impls" name="test_check_returns_empty_for_clean" time="0.001" /><testcase classname="tests.test_compare_metric_impls" name="test_checked_metrics_populated" time="0.001" /><testcase classname="tests.test_compare_metric_impls" name="test_real_shipped_profile_blocks_missing_metric" time="0.011" /><testcase classname="tests.test_compare_metric_impls" name="test_real_shipped_profile_blocks_impl_mismatch" time="0.009" /><testcase classname="tests.test_compare_metric_impls" name="test_real_shipped_profile_passes_when_consistent" time="0.007" /><testcase classname="tests.test_compare_metric_impls" name="test_check3_fires_when_profile_has_implementation_ref" time="0.001" /><testcase classname="tests.test_compliance_audit" name="test_all_conditions_run_no_violations" time="0.001" /><testcase classname="tests.test_compliance_audit" name="test_build_verdict_pass_true_when_compliant" time="0.001" /><testcase classname="tests.test_compliance_audit" name="test_missing_run_condition_is_flagged" time="0.001" /><testcase classname="tests.test_compliance_audit" name="test_build_verdict_pass_false_when_condition_missing" time="0.001" /><testcase classname="tests.test_compliance_audit" name="test_multiple_missing_conditions_flagged" time="0.001" /><testcase classname="tests.test_compliance_audit" name="test_undeclared_run_is_flagged" time="0.001" /><testcase classname="tests.test_compliance_audit" name="test_empty_conditions_no_violation" time="0.001" /><testcase classname="tests.test_compliance_audit" name="test_empty_runs_with_declared_conditions_flags" time="0.001" /><testcase classname="tests.test_compliance_audit" name="test_real_profile_fully_compliant_passes" time="0.010" /><testcase classname="tests.test_compliance_audit" name="test_real_profile_missing_condition_fires" time="0.010" /><testcase classname="tests.test_cross_domain_query" name="test_abstract_problem_empty_raises" time="0.001" /><testcase classname="tests.test_cross_domain_query" name="test_abstract_problem_whitespace_raises" time="0.001" /><testcase classname="tests.test_cross_domain_query" name="test_abstract_problem_keeps_mechanism_then_structures_drops_domain_nouns" time="0.001" /><testcase classname="tests.test_cross_domain_query" name="test_abstract_problem_caps_two_mechanisms_two_structures" time="0.001" /><testcase classname="tests.test_cross_domain_query" name="test_abstract_problem_dedup_first_seen_order" time="0.001" /><testcase classname="tests.test_cross_domain_query" name="test_abstract_problem_hyphenated_tokens_survive" time="0.001" /><testcase classname="tests.test_cross_domain_query" name="test_abstract_problem_fallback1_first_four_distinct_long_tokens" time="0.001" /><testcase classname="tests.test_cross_domain_query" name="test_abstract_problem_fallback2_ultra_degenerate_all_domain_nouns" time="0.001" /><testcase classname="tests.test_cross_domain_query" name="test_cross_domain_queries_k_zero_raises" time="0.001" /><testcase classname="tests.test_cross_domain_query" name="test_cross_domain_queries_k_negative_raises" time="0.001" /><testcase classname="tests.test_cross_domain_query" name="test_cross_domain_queries_upper_clamp_is_twelve" time="0.001" /><testcase classname="tests.test_cross_domain_query" name="test_cross_domain_queries_k_equals_ceiling" time="0.001" /><testcase classname="tests.test_cross_domain_query" name="test_cross_domain_queries_default_k_is_six" time="0.001" /><testcase classname="tests.test_cross_domain_query" name="test_cross_domain_queries_deterministic" time="0.001" /><testcase classname="tests.test_cross_domain_query" name="test_cross_domain_queries_deduped" time="0.001" /><testcase classname="tests.test_cross_domain_query" name="test_cross_domain_queries_k_one_first_field_first_template" time="0.001" /><testcase classname="tests.test_cross_domain_query" name="test_cross_domain_queries_second_query_second_field_second_template" time="0.001" /><testcase classname="tests.test_cross_domain_query" name="test_cross_domain_queries_k_is_keyword_only" time="0.001" /><testcase classname="tests.test_deep_ideation_schemas.TestMechanismGraphSchema" name="test_valid_minimal_payload" time="0.001" /><testcase classname="tests.test_deep_ideation_schemas.TestMechanismGraphSchema" name="test_missing_graph_id_is_rejected" time="0.004" /><testcase classname="tests.test_deep_ideation_schemas.TestMechanismGraphSchema" name="test_missing_problem_ref_is_rejected" time="0.003" /><testcase classname="tests.test_deep_ideation_schemas.TestMechanismGraphSchema" name="test_missing_nodes_is_rejected" time="0.004" /><testcase classname="tests.test_deep_ideation_schemas.TestMechanismGraphSchema" name="test_missing_edges_is_rejected" time="0.003" /><testcase classname="tests.test_deep_ideation_schemas.TestMechanismGraphSchema" name="test_bad_node_kind_is_rejected" time="0.001" /><testcase classname="tests.test_deep_ideation_schemas.TestMechanismGraphSchema" name="test_bad_edge_relation_is_rejected" time="0.001" /><testcase classname="tests.test_deep_ideation_schemas.TestMechanismGraphSchema" name="test_fewer_than_2_nodes_is_rejected" time="0.002" /><testcase classname="tests.test_deep_ideation_schemas.TestMechanismGraphSchema" name="test_zero_edges_is_rejected" time="0.002" /><testcase classname="tests.test_deep_ideation_schemas.TestMechanismGraphSchema" name="test_problem_ref_without_digit_is_rejected" time="0.001" /><testcase classname="tests.test_deep_ideation_schemas.TestMechanismGraphSchema" name="test_node_empty_evidence_ref_is_rejected" time="0.001" /><testcase classname="tests.test_deep_ideation_schemas.TestMechanismGraphSchema" name="test_edge_empty_evidence_ref_is_rejected" time="0.001" /><testcase classname="tests.test_deep_ideation_schemas.TestMechanismGraphSchema" name="test_top_level_selected_field_is_rejected" time="0.005" /><testcase classname="tests.test_deep_ideation_schemas.TestMechanismGraphSchema" name="test_top_level_chosen_field_is_rejected" time="0.004" /><testcase classname="tests.test_deep_ideation_schemas.TestMechanismGraphSchema" name="test_top_level_bet_field_is_rejected" time="0.004" /><testcase classname="tests.test_deep_ideation_schemas.TestMechanismGraphSchema" name="test_top_level_winner_field_is_rejected" time="0.004" /><testcase classname="tests.test_deep_ideation_schemas.TestMechanismGraphSchema" name="test_nested_node_selected_field_is_rejected" time="0.002" /><testcase classname="tests.test_deep_ideation_schemas.TestMechanismGraphSchema" name="test_nested_edge_winner_field_is_rejected" time="0.002" /><testcase classname="tests.test_deep_ideation_schemas.TestExperimentSketchSchema" name="test_valid_minimal_payload" time="0.001" /><testcase classname="tests.test_deep_ideation_schemas.TestExperimentSketchSchema" name="test_missing_sketch_id_is_rejected" time="0.002" /><testcase classname="tests.test_deep_ideation_schemas.TestExperimentSketchSchema" name="test_missing_idea_ref_is_rejected" time="0.002" /><testcase classname="tests.test_deep_ideation_schemas.TestExperimentSketchSchema" name="test_missing_experiment_is_rejected" time="0.002" /><testcase classname="tests.test_deep_ideation_schemas.TestExperimentSketchSchema" name="test_missing_falsifier_is_rejected" time="0.002" /><testcase classname="tests.test_deep_ideation_schemas.TestExperimentSketchSchema" name="test_missing_controls_is_rejected" time="0.002" /><testcase classname="tests.test_deep_ideation_schemas.TestExperimentSketchSchema" name="test_missing_metrics_is_rejected" time="0.002" /><testcase classname="tests.test_deep_ideation_schemas.TestExperimentSketchSchema" name="test_missing_observable_signals_is_rejected" time="0.002" /><testcase classname="tests.test_deep_ideation_schemas.TestExperimentSketchSchema" name="test_extra_top_level_field_is_rejected" time="0.002" /><testcase classname="tests.test_deep_ideation_schemas.TestExperimentSketchSchema" name="test_idea_ref_without_digit_is_rejected" time="0.001" /><testcase classname="tests.test_deep_ideation_schemas.TestExperimentSketchSchema" name="test_blank_falsifier_is_rejected" time="0.001" /><testcase classname="tests.test_deep_ideation_schemas.TestExperimentSketchSchema" name="test_empty_controls_list_is_rejected" time="0.001" /><testcase classname="tests.test_deep_ideation_schemas.TestExperimentSketchSchema" name="test_empty_metrics_list_is_rejected" time="0.001" /><testcase classname="tests.test_deep_ideation_schemas.TestExperimentSketchSchema" name="test_empty_observable_signals_is_rejected" time="0.001" /><testcase classname="tests.test_deep_ideation_schemas.TestExperimentSketchSchema" name="test_top_level_selected_field_is_rejected" time="0.002" /><testcase classname="tests.test_deep_ideation_schemas.TestExperimentSketchSchema" name="test_top_level_chosen_field_is_rejected" time="0.002" /><testcase classname="tests.test_deep_ideation_schemas.TestExperimentSketchSchema" name="test_top_level_bet_field_is_rejected" time="0.002" /><testcase classname="tests.test_deep_ideation_schemas.TestExperimentSketchSchema" name="test_top_level_winner_field_is_rejected" time="0.003" /><testcase classname="tests.test_deep_ideation_schemas.TestIdeaLineageSchema" name="test_valid_minimal_payload" time="0.001" /><testcase classname="tests.test_deep_ideation_schemas.TestIdeaLineageSchema" name="test_valid_multi_entry_payload" time="0.001" /><testcase classname="tests.test_deep_ideation_schemas.TestIdeaLineageSchema" name="test_missing_lineages_is_rejected" time="0.003" /><testcase classname="tests.test_deep_ideation_schemas.TestIdeaLineageSchema" name="test_lineage_entry_missing_idea_id_is_rejected" time="0.002" /><testcase classname="tests.test_deep_ideation_schemas.TestIdeaLineageSchema" name="test_lineage_entry_missing_disposition_is_rejected" time="0.003" /><testcase classname="tests.test_deep_ideation_schemas.TestIdeaLineageSchema" name="test_lineage_entry_missing_evidence_ref_is_rejected" time="0.002" /><testcase classname="tests.test_deep_ideation_schemas.TestIdeaLineageSchema" name="test_bad_disposition_value_is_rejected" time="0.002" /><testcase classname="tests.test_deep_ideation_schemas.TestIdeaLineageSchema" name="test_disposition_selected_is_rejected" time="0.001" /><testcase classname="tests.test_deep_ideation_schemas.TestIdeaLineageSchema" name="test_disposition_chosen_is_rejected" time="0.001" /><testcase classname="tests.test_deep_ideation_schemas.TestIdeaLineageSchema" name="test_disposition_winner_is_rejected" time="0.002" /><testcase classname="tests.test_deep_ideation_schemas.TestIdeaLineageSchema" name="test_empty_evidence_ref_is_rejected" time="0.001" /><testcase classname="tests.test_deep_ideation_schemas.TestIdeaLineageSchema" name="test_empty_lineages_array_is_rejected" time="0.003" /><testcase classname="tests.test_deep_ideation_schemas.TestIdeaLineageSchema" name="test_problem_ref_without_digit_is_rejected" time="0.002" /><testcase classname="tests.test_deep_ideation_schemas.TestIdeaLineageSchema" name="test_top_level_selected_field_is_rejected" time="0.004" /><testcase classname="tests.test_deep_ideation_schemas.TestIdeaLineageSchema" name="test_top_level_chosen_field_is_rejected" time="0.004" /><testcase classname="tests.test_deep_ideation_schemas.TestIdeaLineageSchema" name="test_top_level_bet_field_is_rejected" time="0.004" /><testcase classname="tests.test_deep_ideation_schemas.TestIdeaLineageSchema" name="test_top_level_winner_field_is_rejected" time="0.004" /><testcase classname="tests.test_deep_ideation_schemas.TestIdeaLineageSchema" name="test_nested_lineage_entry_selected_field_is_rejected" time="0.002" /><testcase classname="tests.test_deep_ideation_schemas.TestIdeaLineageSchema" name="test_nested_lineage_entry_chosen_field_is_rejected" time="0.002" /><testcase classname="tests.test_deep_ideation_schemas.TestIdeaLineageSchema" name="test_nested_lineage_entry_bet_field_is_rejected" time="0.002" /><testcase classname="tests.test_deep_ideation_schemas.TestIdeaLineageSchema" name="test_nested_lineage_entry_winner_field_is_rejected" time="0.002" /><testcase classname="tests.test_design_depth_schemas.TestRqHypothesisChain" name="test_wellformed_validates" time="0.001" /><testcase classname="tests.test_design_depth_schemas.TestRqHypothesisChain" name="test_empty_hypotheses_rejected" time="0.002" /><testcase classname="tests.test_design_depth_schemas.TestRqHypothesisChain" name="test_missing_falsifiable_prediction_rejected" time="0.002" /><testcase classname="tests.test_design_depth_schemas.TestRqHypothesisChain" name="test_empty_falsifiable_prediction_rejected" time="0.001" /><testcase classname="tests.test_design_depth_schemas.TestRqHypothesisChain" name="test_missing_evidence_needed_rejected" time="0.002" /><testcase classname="tests.test_design_depth_schemas.TestRqHypothesisChain" name="test_empty_evidence_needed_rejected" time="0.001" /><testcase classname="tests.test_design_depth_schemas.TestRqHypothesisChain" name="test_missing_research_question_rejected" time="0.002" /><testcase classname="tests.test_design_depth_schemas.TestRqHypothesisChain" name="test_extra_property_rejected" time="0.003" /><testcase classname="tests.test_design_depth_schemas.TestRqHypothesisChain" name="test_multiple_hypotheses_with_depends_on_validates" time="0.001" /><testcase classname="tests.test_design_depth_schemas.TestSplitManifest" name="test_wellformed_validates" time="0.001" /><testcase classname="tests.test_design_depth_schemas.TestSplitManifest" name="test_missing_split_unit_rejected" time="0.002" /><testcase classname="tests.test_design_depth_schemas.TestSplitManifest" name="test_missing_leakage_declaration_rejected" time="0.002" /><testcase classname="tests.test_design_depth_schemas.TestSplitManifest" name="test_only_one_split_rejected" time="0.002" /><testcase classname="tests.test_design_depth_schemas.TestSplitManifest" name="test_fraction_above_one_rejected" time="0.001" /><testcase classname="tests.test_design_depth_schemas.TestSplitManifest" name="test_extra_property_rejected" time="0.002" /><testcase classname="tests.test_design_depth_schemas.TestDataProtocol" name="test_wellformed_validates" time="0.001" /><testcase classname="tests.test_design_depth_schemas.TestDataProtocol" name="test_missing_steps_rejected" time="0.003" /><testcase classname="tests.test_design_depth_schemas.TestDataProtocol" name="test_empty_steps_rejected" time="0.002" /><testcase classname="tests.test_design_depth_schemas.TestDataProtocol" name="test_step_missing_train_only_rejected" time="0.001" /><testcase classname="tests.test_design_depth_schemas.TestDataProtocol" name="test_step_missing_kind_rejected" time="0.002" /><testcase classname="tests.test_design_depth_schemas.TestDataProtocol" name="test_step_invalid_kind_rejected" time="0.001" /><testcase classname="tests.test_design_depth_schemas.TestDataProtocol" name="test_extra_step_property_rejected" time="0.002" /><testcase classname="tests.test_design_depth_schemas.TestDataProtocol" name="test_extra_top_level_property_rejected" time="0.002" /><testcase classname="tests.test_design_depth_schemas.TestDataProtocol" name="test_augmentation_train_only_false_rejected" time="0.001" /><testcase classname="tests.test_design_depth_schemas.TestDataProtocol" name="test_no_augmentation_steps_validates" time="0.001" /><testcase classname="tests.test_design_depth_schemas.TestDataProtocol" name="test_augmentation_train_only_true_with_preprocessing_validates" time="0.002" /><testcase classname="tests.test_design_depth_schemas.TestUnifiedConfig" name="test_wellformed_validates" time="0.001" /><testcase classname="tests.test_design_depth_schemas.TestUnifiedConfig" name="test_missing_conditions_rejected" time="0.002" /><testcase classname="tests.test_design_depth_schemas.TestUnifiedConfig" name="test_missing_shared_config_rejected" time="0.002" /><testcase classname="tests.test_design_depth_schemas.TestUnifiedConfig" name="test_divergence_missing_justification_rejected" time="0.002" /><testcase classname="tests.test_design_depth_schemas.TestUnifiedConfig" name="test_divergence_missing_key_field_rejected" time="0.002" /><testcase classname="tests.test_design_depth_schemas.TestUnifiedConfig" name="test_extra_divergence_property_rejected" time="0.002" /><testcase classname="tests.test_design_depth_schemas.TestUnifiedConfig" name="test_extra_top_level_rejected" time="0.003" /><testcase classname="tests.test_design_depth_schemas.TestIntegrationPlan" name="test_wellformed_validates" time="0.002" /><testcase classname="tests.test_design_depth_schemas.TestIntegrationPlan" name="test_missing_conditions_rejected" time="0.003" /><testcase classname="tests.test_design_depth_schemas.TestIntegrationPlan" name="test_only_one_condition_rejected" time="0.002" /><testcase classname="tests.test_design_depth_schemas.TestIntegrationPlan" name="test_no_null_module_baseline_rejected" time="0.002" /><testcase classname="tests.test_design_depth_schemas.TestIntegrationPlan" name="test_condition_missing_entry_point_rejected" time="0.002" /><testcase classname="tests.test_design_depth_schemas.TestIntegrationPlan" name="test_extra_condition_property_rejected" time="0.002" /><testcase classname="tests.test_design_depth_schemas.TestIntegrationPlan" name="test_extra_top_level_rejected" time="0.003" /><testcase classname="tests.test_design_depth_schemas.TestIntegrationPlan" name="test_two_baselines_zero_treatments_rejected" time="0.002" /><testcase classname="tests.test_design_depth_schemas.TestIntegrationPlan" name="test_one_baseline_one_treatment_validates" time="0.002" /><testcase classname="tests.test_design_depth_schemas.TestIntegrationPlan" name="test_zero_baselines_rejected" time="0.002" /><testcase classname="tests.test_design_depth_schemas.TestIntegrationPlan" name="test_one_baseline_multiple_treatments_validates" time="0.001" /><testcase classname="tests.test_design_depth_schemas.TestBaselineFairnessPlan" name="test_wellformed_validates" time="0.001" /><testcase classname="tests.test_design_depth_schemas.TestBaselineFairnessPlan" name="test_with_violations_validates" time="0.001" /><testcase classname="tests.test_design_depth_schemas.TestBaselineFairnessPlan" name="test_missing_baseline_ref_rejected" time="0.003" /><testcase classname="tests.test_design_depth_schemas.TestBaselineFairnessPlan" name="test_missing_treatment_refs_rejected" time="0.003" /><testcase classname="tests.test_design_depth_schemas.TestBaselineFairnessPlan" name="test_empty_treatment_refs_rejected" time="0.001" /><testcase classname="tests.test_design_depth_schemas.TestBaselineFairnessPlan" name="test_missing_fairness_checks_rejected" time="0.002" /><testcase classname="tests.test_design_depth_schemas.TestBaselineFairnessPlan" name="test_empty_fairness_checks_rejected" time="0.002" /><testcase classname="tests.test_design_depth_schemas.TestBaselineFairnessPlan" name="test_missing_fairness_violations_rejected" time="0.002" /><testcase classname="tests.test_design_depth_schemas.TestBaselineFairnessPlan" name="test_check_missing_check_name_rejected" time="0.002" /><testcase classname="tests.test_design_depth_schemas.TestBaselineFairnessPlan" name="test_extra_property_rejected" time="0.003" /><testcase classname="tests.test_design_depth_schemas.TestMetricImplReport" name="test_pass_no_violations_validates" time="0.001" /><testcase classname="tests.test_design_depth_schemas.TestMetricImplReport" name="test_block_with_violations_validates" time="0.001" /><testcase classname="tests.test_design_depth_schemas.TestMetricImplReport" name="test_verdict_integrity_pass_with_violations_rejected" time="0.001" /><testcase classname="tests.test_design_depth_schemas.TestMetricImplReport" name="test_missing_verdict_rejected" time="0.002" /><testcase classname="tests.test_design_depth_schemas.TestMetricImplReport" name="test_missing_violations_rejected" time="0.002" /><testcase classname="tests.test_design_depth_schemas.TestMetricImplReport" name="test_invalid_verdict_value_rejected" time="0.001" /><testcase classname="tests.test_design_depth_schemas.TestMetricImplReport" name="test_extra_property_rejected" time="0.002" /><testcase classname="tests.test_design_depth_schemas.TestPowerAuditReport" name="test_sufficient_true_validates" time="0.001" /><testcase classname="tests.test_design_depth_schemas.TestPowerAuditReport" name="test_sufficient_false_with_concerns_validates" time="0.001" /><testcase classname="tests.test_design_depth_schemas.TestPowerAuditReport" name="test_no_profile_min_validates" time="0.001" /><testcase classname="tests.test_design_depth_schemas.TestPowerAuditReport" name="test_missing_sufficient_rejected" time="0.002" /><testcase classname="tests.test_design_depth_schemas.TestPowerAuditReport" name="test_missing_n_seeds_declared_rejected" time="0.002" /><testcase classname="tests.test_design_depth_schemas.TestPowerAuditReport" name="test_n_seeds_negative_rejected" time="0.001" /><testcase classname="tests.test_design_depth_schemas.TestPowerAuditReport" name="test_extra_property_rejected" time="0.002" /><testcase classname="tests.test_design_depth_schemas.TestPowerAuditReport" name="test_with_adr_override_ref_validates" time="0.001" /><testcase classname="tests.test_design_depth_schemas.TestAdrDecisionSurfacer" name="test_wellformed_adr_validates" time="0.001" /><testcase classname="tests.test_design_depth_schemas.TestAdrDecisionSurfacer" name="test_approved_adr_validates" time="0.001" /><testcase classname="tests.test_design_depth_schemas.TestAdrDecisionSurfacer" name="test_missing_decision_id_rejected" time="0.002" /><testcase classname="tests.test_design_depth_schemas.TestAdrDecisionSurfacer" name="test_wrong_decision_id_format_rejected" time="0.001" /><testcase classname="tests.test_design_depth_schemas.TestAdrDecisionSurfacer" name="test_only_one_option_rejected" time="0.002" /><testcase classname="tests.test_design_depth_schemas.TestAdrDecisionSurfacer" name="test_invalid_status_rejected" time="0.001" /><testcase classname="tests.test_design_depth_schemas.TestAdrDecisionSurfacer" name="test_missing_question_rejected" time="0.002" /><testcase classname="tests.test_design_depth_schemas.TestAdrDecisionSurfacer" name="test_extra_property_rejected" time="0.002" /><testcase classname="tests.test_director_packet" name="test_director_packet_renders_markdown_and_blocks_json_in_review_dir" time="0.179" /><testcase classname="tests.test_director_packet" name="test_report_commit_generates_director_packet" time="0.526" /><testcase classname="tests.test_director_packet" name="test_pending_packet_does_not_claim_completed_report" time="0.165" /><testcase classname="tests.test_director_packet" name="test_pending_paper_card_does_not_use_completed_paper_packet" time="0.159" /><testcase classname="tests.test_director_packet" name="test_pending_paper_card_artifact_keeps_packet_truthful" time="0.191" /><testcase classname="tests.test_director_packet" name="test_director_packet_surfaces_evidence_deep_markdown_brief" time="0.163" /><testcase classname="tests.test_director_packet" name="test_director_packet_surfaces_gap_breadth_markdown_scan" time="0.178" /><testcase classname="tests.test_director_packet" name="test_director_packet_surfaces_deep_research_markdown_brief" time="0.187" /><testcase classname="tests.test_director_packet" name="test_director_packet_surfaces_idea_bet_markdown_menu" time="0.292" /><testcase classname="tests.test_director_packet" name="test_director_packet_backfills_and_links_venue_readiness_markdown" time="0.345" /><testcase classname="tests.test_director_packet" name="test_manuscript_authoring_packet_links_the_primary_overview_not_an_internal_review" time="0.152" /><testcase classname="tests.test_director_packet" name="test_manuscript_review_packet_requires_distinct_verified_verdict_before_linking_report" time="0.154" /><testcase classname="tests.test_director_packet" name="test_manuscript_review_packet_fails_closed_on_cross_run_hash_and_unsafe_input" time="0.177" /><testcase classname="tests.test_director_packet" name="test_manuscript_packet_rejects_secret_bearing_review_reference_without_hiding_packet" time="0.161" /><testcase classname="tests.test_director_veto" name="test_record_gate_reject_is_terminal_and_on_the_ledger" time="0.057" /><testcase classname="tests.test_director_veto" name="test_record_gate_approve_keeps_running_and_is_recorded" time="0.047" /><testcase classname="tests.test_director_veto" name="test_engine_reject_does_not_checkpoint_and_is_unresumable" time="0.508" /><testcase classname="tests.test_director_veto" name="test_operate_reject_stage_is_terminal" time="0.295" /><testcase classname="tests.test_document_promotion" name="test_document_admission_requires_exact_out_of_band_authorization" time="0.028" /><testcase classname="tests.test_document_promotion" name="test_document_admission_copies_full_body_and_never_emits_result_fields" time="0.045" /><testcase classname="tests.test_document_promotion" name="test_document_admission_normalizes_crlf_source_without_blank_line_expansion" time="0.032" /><testcase classname="tests.test_document_promotion" name="test_document_admission_accepts_explicit_director_command_without_env" time="0.032" /><testcase classname="tests.test_document_promotion" name="test_stale_source_sha_or_bad_batch_preflight_writes_nothing" time="0.021" /><testcase classname="tests.test_document_promotion" name="test_document_source_cannot_escape_project_paths" time="0.018" /><testcase classname="tests.test_document_promotion" name="test_current_route_admission_turns_verified_legacy_canonical_page_into_pointer" time="0.026" /><testcase classname="tests.test_document_promotion" name="test_document_admission_accepts_registered_non_result_page_types" time="0.030" /><testcase classname="tests.test_document_promotion" name="test_document_admission_deprecates_same_project_pages_without_deleting_history" time="0.052" /><testcase classname="tests.test_document_promotion" name="test_document_candidate_discovery_ignores_prior_admission_records" time="0.003" /><testcase classname="tests.test_dormant_agents_coverage.TestCodeImplementer" name="test_minimal_valid_implementation_record" time="0.001" /><testcase classname="tests.test_dormant_agents_coverage.TestCodeImplementer" name="test_full_implementation_record" time="0.001" /><testcase classname="tests.test_dormant_agents_coverage.TestCodeImplementer" name="test_enveloped_implementation_record_validates" time="0.001" /><testcase classname="tests.test_dormant_agents_coverage.TestCodeImplementer" name="test_spec_exists_and_is_parseable" time="0.002" /><testcase classname="tests.test_dormant_agents_coverage.TestCodeImplementer" name="test_empty_files_changed_is_valid" time="0.001" /><testcase classname="tests.test_dormant_agents_coverage.TestCodeImplementer" name="test_missing_from_patch_plan_ref_is_invalid" time="0.002" /><testcase classname="tests.test_dormant_agents_coverage.TestFailureCaseMiner" name="test_minimal_valid_failure_inventory" time="0.001" /><testcase classname="tests.test_dormant_agents_coverage.TestFailureCaseMiner" name="test_full_failure_inventory" time="0.001" /><testcase classname="tests.test_dormant_agents_coverage.TestFailureCaseMiner" name="test_enveloped_failure_inventory_validates" time="0.001" /><testcase classname="tests.test_dormant_agents_coverage.TestFailureCaseMiner" name="test_spec_exists_and_is_parseable" time="0.002" /><testcase classname="tests.test_dormant_agents_coverage.TestFailureCaseMiner" name="test_empty_failures_is_invalid" time="0.001" /><testcase classname="tests.test_dormant_agents_coverage.TestFailureCaseMiner" name="test_missing_condition_id_is_invalid" time="0.002" /><testcase classname="tests.test_dormant_agents_coverage.TestFigureGenerator" name="test_minimal_valid_figure_spec_bundle" time="0.001" /><testcase classname="tests.test_dormant_agents_coverage.TestFigureGenerator" name="test_multiple_figures_validates" time="0.001" /><testcase classname="tests.test_dormant_agents_coverage.TestFigureGenerator" name="test_enveloped_figure_spec_bundle_validates" time="0.001" /><testcase classname="tests.test_dormant_agents_coverage.TestFigureGenerator" name="test_spec_exists_and_is_parseable" time="0.002" /><testcase classname="tests.test_dormant_agents_coverage.TestFigureGenerator" name="test_empty_figures_is_invalid" time="0.002" /><testcase classname="tests.test_dormant_agents_coverage.TestFigureGenerator" name="test_invalid_figure_type_is_invalid" time="0.001" /><testcase classname="tests.test_dormant_agents_coverage.TestPatchPlanner" name="test_minimal_valid_patch_plan" time="0.001" /><testcase classname="tests.test_dormant_agents_coverage.TestPatchPlanner" name="test_full_patch_plan" time="0.001" /><testcase classname="tests.test_dormant_agents_coverage.TestPatchPlanner" name="test_enveloped_patch_plan_validates" time="0.001" /><testcase classname="tests.test_dormant_agents_coverage.TestPatchPlanner" name="test_spec_exists_and_is_parseable" time="0.003" /><testcase classname="tests.test_dormant_agents_coverage.TestPatchPlanner" name="test_invalid_status_is_invalid" time="0.001" /><testcase classname="tests.test_dormant_agents_coverage.TestPatchPlanner" name="test_approved_status_is_valid" time="0.001" /><testcase classname="tests.test_dormant_agents_coverage.TestPatchPlanner" name="test_empty_changes_is_invalid" time="0.002" /><testcase classname="tests.test_dormant_agents_coverage.TestReproRunner" name="test_minimal_valid_repro_record" time="0.001" /><testcase classname="tests.test_dormant_agents_coverage.TestReproRunner" name="test_full_repro_record" time="0.001" /><testcase classname="tests.test_dormant_agents_coverage.TestReproRunner" name="test_enveloped_repro_record_validates" time="0.001" /><testcase classname="tests.test_dormant_agents_coverage.TestReproRunner" name="test_spec_exists_and_is_parseable" time="0.003" /><testcase classname="tests.test_dormant_agents_coverage.TestReproRunner" name="test_missing_seed_is_invalid" time="0.002" /><testcase classname="tests.test_dormant_agents_coverage.TestReproRunner" name="test_seed_must_be_integer" time="0.001" /><testcase classname="tests.test_dormant_agents_coverage.TestReviewResponseSimulator" name="test_minimal_valid_response_simulation" time="0.001" /><testcase classname="tests.test_dormant_agents_coverage.TestReviewResponseSimulator" name="test_all_attack_classes_valid" time="0.002" /><testcase classname="tests.test_dormant_agents_coverage.TestReviewResponseSimulator" name="test_enveloped_response_simulation_validates" time="0.001" /><testcase classname="tests.test_dormant_agents_coverage.TestReviewResponseSimulator" name="test_spec_exists_and_is_parseable" time="0.002" /><testcase classname="tests.test_dormant_agents_coverage.TestReviewResponseSimulator" name="test_empty_attacks_is_valid" time="0.001" /><testcase classname="tests.test_dormant_agents_coverage.TestReviewResponseSimulator" name="test_defensible_must_be_boolean" time="0.001" /><testcase classname="tests.test_dormant_agents_coverage.TestRqArchitect" name="test_minimal_valid_rq_hypothesis_chain" time="0.001" /><testcase classname="tests.test_dormant_agents_coverage.TestRqArchitect" name="test_multi_hypothesis_chain_validates" time="0.001" /><testcase classname="tests.test_dormant_agents_coverage.TestRqArchitect" name="test_enveloped_rq_hypothesis_chain_validates" time="0.001" /><testcase classname="tests.test_dormant_agents_coverage.TestRqArchitect" name="test_spec_exists_and_is_parseable" time="0.002" /><testcase classname="tests.test_dormant_agents_coverage.TestRqArchitect" name="test_empty_hypotheses_is_invalid" time="0.001" /><testcase classname="tests.test_dormant_agents_coverage.TestRqArchitect" name="test_missing_falsifiable_prediction_is_invalid" time="0.002" /><testcase classname="tests.test_dormant_agents_coverage.TestRqArchitect" name="test_evidence_needed_must_be_array" time="0.001" /><testcase classname="tests.test_dormant_agents_coverage.TestSandboxRunner" name="test_minimal_valid_sandbox_report" time="0.001" /><testcase classname="tests.test_dormant_agents_coverage.TestSandboxRunner" name="test_full_sandbox_report_with_null_passed" time="0.001" /><testcase classname="tests.test_dormant_agents_coverage.TestSandboxRunner" name="test_sandbox_report_with_passed_true" time="0.001" /><testcase classname="tests.test_dormant_agents_coverage.TestSandboxRunner" name="test_enveloped_sandbox_report_validates" time="0.001" /><testcase classname="tests.test_dormant_agents_coverage.TestSandboxRunner" name="test_spec_exists_and_is_parseable" time="0.002" /><testcase classname="tests.test_dormant_agents_coverage.TestSandboxRunner" name="test_missing_smoke_script_is_invalid" time="0.002" /><testcase classname="tests.test_dormant_agents_coverage.TestSynthesisWriter" name="test_approve_approve_is_consistent" time="0.001" /><testcase classname="tests.test_dormant_agents_coverage.TestSynthesisWriter" name="test_block_block_is_consistent" time="0.001" /><testcase classname="tests.test_dormant_agents_coverage.TestSynthesisWriter" name="test_block_no_concerns_prose_is_a_violation" time="0.001" /><testcase classname="tests.test_dormant_agents_coverage.TestSynthesisWriter" name="test_approve_reject_prose_is_a_violation" time="0.001" /><testcase classname="tests.test_dormant_agents_coverage.TestSynthesisWriter" name="test_valid_synthesis_text_payload" time="0.001" /><testcase classname="tests.test_dormant_agents_coverage.TestSynthesisWriter" name="test_enveloped_synthesis_text_validates" time="0.001" /><testcase classname="tests.test_dormant_agents_coverage.TestSynthesisWriter" name="test_spec_exists_and_is_parseable" time="0.002" /><testcase classname="tests.test_dormant_agents_coverage.TestSynthesisWriter" name="test_missing_structured_verdict_is_invalid" time="0.002" /><testcase classname="tests.test_dormant_agents_coverage.TestSynthesisWriter" name="test_invalid_structured_verdict_enum_is_invalid" time="0.001" /><testcase classname="tests.test_dormant_agents_coverage.TestThreatsToValidityWriter" name="test_all_four_dimensions_passes" time="0.000" /><testcase classname="tests.test_dormant_agents_coverage.TestThreatsToValidityWriter" name="test_missing_statistical_dimension_flagged" time="0.001" /><testcase classname="tests.test_dormant_agents_coverage.TestThreatsToValidityWriter" name="test_empty_threats_all_four_missing" time="0.000" /><testcase classname="tests.test_dormant_agents_coverage.TestThreatsToValidityWriter" name="test_build_report_pass_with_all_four" time="0.001" /><testcase classname="tests.test_dormant_agents_coverage.TestThreatsToValidityWriter" name="test_valid_threats_report_payload" time="0.001" /><testcase classname="tests.test_dormant_agents_coverage.TestThreatsToValidityWriter" name="test_enveloped_threats_report_validates" time="0.001" /><testcase classname="tests.test_dormant_agents_coverage.TestThreatsToValidityWriter" name="test_spec_exists_and_is_parseable" time="0.002" /><testcase classname="tests.test_dormant_agents_coverage.TestThreatsToValidityWriter" name="test_invalid_validity_dimension_enum_is_invalid" time="0.001" /><testcase classname="tests.test_dormant_agents_coverage.TestThreatsToValidityWriter" name="test_empty_threats_array_is_invalid_schema" time="0.001" /><testcase classname="tests.test_dormant_agents_coverage.TestUnitTestWriter" name="test_minimal_valid_test_suite_record" time="0.001" /><testcase classname="tests.test_dormant_agents_coverage.TestUnitTestWriter" name="test_full_test_suite_record" time="0.001" /><testcase classname="tests.test_dormant_agents_coverage.TestUnitTestWriter" name="test_enveloped_test_suite_record_validates" time="0.001" /><testcase classname="tests.test_dormant_agents_coverage.TestUnitTestWriter" name="test_spec_exists_and_is_parseable" time="0.002" /><testcase classname="tests.test_dormant_agents_coverage.TestUnitTestWriter" name="test_empty_test_targets_is_invalid" time="0.001" /><testcase classname="tests.test_dormant_agents_coverage.TestUnitTestWriter" name="test_multiple_test_targets_all_strings" time="0.001" /><testcase classname="tests.test_dormant_agents_coverage.TestLandscapeMapper" name="test_minimal_valid_landscape_map" time="0.001" /><testcase classname="tests.test_dormant_agents_coverage.TestLandscapeMapper" name="test_full_landscape_map" time="0.001" /><testcase classname="tests.test_dormant_agents_coverage.TestLandscapeMapper" name="test_enveloped_landscape_map_validates" time="0.001" /><testcase classname="tests.test_dormant_agents_coverage.TestLandscapeMapper" name="test_spec_exists_and_is_parseable" time="0.002" /><testcase classname="tests.test_dormant_agents_coverage.TestLandscapeMapper" name="test_empty_coverage_gaps_is_valid" time="0.001" /><testcase classname="tests.test_dormant_agents_coverage.TestLandscapeMapper" name="test_missing_coverage_gaps_is_invalid" time="0.003" /><testcase classname="tests.test_dormant_agents_coverage.TestVenueReviewConfigurator" name="test_clean_independent_config_has_no_violations" time="0.001" /><testcase classname="tests.test_dormant_agents_coverage.TestVenueReviewConfigurator" name="test_duplicate_lens_is_a_violation" time="0.001" /><testcase classname="tests.test_dormant_agents_coverage.TestVenueReviewConfigurator" name="test_empty_anchor_is_a_violation" time="0.001" /><testcase classname="tests.test_dormant_agents_coverage.TestVenueReviewConfigurator" name="test_single_lens_is_invalid" time="0.001" /><testcase classname="tests.test_dormant_agents_coverage.TestVenueReviewConfigurator" name="test_three_distinct_lenses_is_valid" time="0.001" /><testcase classname="tests.test_dormant_agents_coverage.TestVenueReviewConfigurator" name="test_valid_review_config_payload" time="0.001" /><testcase classname="tests.test_dormant_agents_coverage.TestVenueReviewConfigurator" name="test_enveloped_review_config_validates" time="0.001" /><testcase classname="tests.test_dormant_agents_coverage.TestVenueReviewConfigurator" name="test_spec_exists_and_is_parseable" time="0.002" /><testcase classname="tests.test_dormant_agents_coverage.TestVenueReviewConfigurator" name="test_invalid_lens_enum_is_invalid" time="0.001" /><testcase classname="tests.test_dormant_agents_coverage.
[...]
tcase classname="tests.test_vr_review_schemas.TestVenueReviewSchema" name="test_accept_field_rejected" time="0.003" /><testcase classname="tests.test_vr_review_schemas.TestVenueReviewSchema" name="test_extra_top_level_field_rejected" time="0.003" /><testcase classname="tests.test_vr_review_schemas.TestVenueReviewSchema" name="test_empty_evidence_ref_rejected" time="0.001" /><testcase classname="tests.test_vr_review_schemas.TestVenueReviewSchema" name="test_whitespace_evidence_ref_rejected" time="0.001" /><testcase classname="tests.test_vr_review_schemas.TestVenueReviewSchema" name="test_missing_evidence_ref_rejected" time="0.003" /><testcase classname="tests.test_vr_review_schemas.TestVenueReviewSchema" name="test_dim_empty_evidence_ref_rejected" time="0.001" /><testcase classname="tests.test_vr_review_schemas.TestVenueReviewSchema" name="test_dim_whitespace_evidence_ref_rejected" time="0.001" /><testcase classname="tests.test_vr_review_schemas.TestVenueReviewSchema" name="test_dim_missing_evidence_ref_rejected" time="0.001" /><testcase classname="tests.test_vr_review_schemas.TestVenueReviewSchema" name="test_dim_score_0_rejected" time="0.001" /><testcase classname="tests.test_vr_review_schemas.TestVenueReviewSchema" name="test_dim_score_5_rejected" time="0.001" /><testcase classname="tests.test_vr_review_schemas.TestVenueReviewSchema" name="test_dim_score_float_rejected" time="0.001" /><testcase classname="tests.test_vr_review_schemas.TestVenueReviewSchema" name="test_confidence_0_rejected" time="0.001" /><testcase classname="tests.test_vr_review_schemas.TestVenueReviewSchema" name="test_confidence_6_rejected" time="0.001" /><testcase classname="tests.test_vr_review_schemas.TestVenueReviewSchema" name="test_missing_persona_rejected" time="0.003" /><testcase classname="tests.test_vr_review_schemas.TestVenueReviewSchema" name="test_invalid_persona_rejected" time="0.001" /><testcase classname="tests.test_vr_review_schemas.TestVenueReviewSchema" name="test_missing_venue_id_rejected" time="0.003" /><testcase classname="tests.test_vr_review_schemas.TestVenueReviewSchema" name="test_whitespace_venue_id_rejected" time="0.001" /><testcase classname="tests.test_vr_review_schemas.TestVenueReviewSchema" name="test_missing_overall_rejected" time="0.003" /><testcase classname="tests.test_vr_review_schemas.TestVenueReviewSchema" name="test_whitespace_overall_rejected" time="0.001" /><testcase classname="tests.test_vr_review_schemas.TestVenueReviewSchema" name="test_missing_confidence_rejected" time="0.003" /><testcase classname="tests.test_vr_review_schemas.TestVenueReviewSchema" name="test_missing_dimension_scores_rejected" time="0.002" /><testcase classname="tests.test_vr_review_schemas.TestVenueReviewSchema" name="test_missing_reject_triggers_fired_rejected" time="0.002" /><testcase classname="tests.test_vr_review_schemas.TestVenueReviewSchema" name="test_trigger_missing_trigger_id_rejected" time="0.001" /><testcase classname="tests.test_vr_review_schemas.TestVenueReviewSchema" name="test_trigger_whitespace_trigger_id_rejected" time="0.001" /><testcase classname="tests.test_vr_review_schemas.TestVenueReviewSchema" name="test_trigger_invalid_dimension_rejected" time="0.001" /><testcase classname="tests.test_vr_review_schemas.TestVenueReviewSchema" name="test_trigger_missing_locus_rejected" time="0.001" /><testcase classname="tests.test_vr_review_schemas.TestVenueReviewSchema" name="test_trigger_whitespace_locus_rejected" time="0.001" /><testcase classname="tests.test_vr_review_schemas.TestVenueReviewSchema" name="test_trigger_missing_required_fix_rejected" time="0.001" /><testcase classname="tests.test_vr_review_schemas.TestVenueReviewSchema" name="test_trigger_extra_field_rejected" time="0.002" /><testcase classname="tests.test_vr_review_schemas.TestVenueReadinessVerdictSchema" name="test_meets_bar_no_triggers_validates" time="0.001" /><testcase classname="tests.test_vr_review_schemas.TestVenueReadinessVerdictSchema" name="test_borderline_no_triggers_validates" time="0.001" /><testcase classname="tests.test_vr_review_schemas.TestVenueReadinessVerdictSchema" name="test_not_yet_no_triggers_validates" time="0.001" /><testcase classname="tests.test_vr_review_schemas.TestVenueReadinessVerdictSchema" name="test_not_yet_with_trigger_validates" time="0.001" /><testcase classname="tests.test_vr_review_schemas.TestVenueReadinessVerdictSchema" name="test_wrong_path_with_trigger_validates" time="0.001" /><testcase classname="tests.test_vr_review_schemas.TestVenueReadinessVerdictSchema" name="test_degraded_review_validates" time="0.001" /><testcase classname="tests.test_vr_review_schemas.TestVenueReadinessVerdictSchema" name="test_with_gaps_validates" time="0.001" /><testcase classname="tests.test_vr_review_schemas.TestVenueReadinessVerdictSchema" name="test_with_strengths_and_shore_up_validates" time="0.001" /><testcase classname="tests.test_vr_review_schemas.TestVenueReadinessVerdictSchema" name="test_with_independence_ref_validates" time="0.001" /><testcase classname="tests.test_vr_review_schemas.TestVenueReadinessVerdictSchema" name="test_with_agreed_score_in_synthesis_validates" time="0.001" /><testcase classname="tests.test_vr_review_schemas.TestVenueReadinessVerdictSchema" name="test_meets_bar_with_trigger_rejected" time="0.001" /><testcase classname="tests.test_vr_review_schemas.TestVenueReadinessVerdictSchema" name="test_borderline_with_trigger_rejected" time="0.001" /><testcase classname="tests.test_vr_review_schemas.TestVenueReadinessVerdictSchema" name="test_not_yet_with_trigger_passes_allof" time="0.001" /><testcase classname="tests.test_vr_review_schemas.TestVenueReadinessVerdictSchema" name="test_wrong_path_with_trigger_passes_allof" time="0.001" /><testcase classname="tests.test_vr_review_schemas.TestVenueReadinessVerdictSchema" name="test_degraded_review_with_trigger_passes_allof" time="0.001" /><testcase classname="tests.test_vr_review_schemas.TestVenueReadinessVerdictSchema" name="test_empty_evidence_ref_rejected" time="0.001" /><testcase classname="tests.test_vr_review_schemas.TestVenueReadinessVerdictSchema" name="test_whitespace_evidence_ref_rejected" time="0.001" /><testcase classname="tests.test_vr_review_schemas.TestVenueReadinessVerdictSchema" name="test_missing_evidence_ref_rejected" time="0.002" /><testcase classname="tests.test_vr_review_schemas.TestVenueReadinessVerdictSchema" name="test_whitespace_argument_in_synthesis_rejected" time="0.001" /><testcase classname="tests.test_vr_review_schemas.TestVenueReadinessVerdictSchema" name="test_empty_argument_in_synthesis_rejected" time="0.001" /><testcase classname="tests.test_vr_review_schemas.TestVenueReadinessVerdictSchema" name="test_invalid_dimension_in_synthesis_rejected" time="0.001" /><testcase classname="tests.test_vr_review_schemas.TestVenueReadinessVerdictSchema" name="test_synthesis_missing_argument_rejected" time="0.001" /><testcase classname="tests.test_vr_review_schemas.TestVenueReadinessVerdictSchema" name="test_synthesis_missing_dimension_rejected" time="0.001" /><testcase classname="tests.test_vr_review_schemas.TestVenueReadinessVerdictSchema" name="test_synthesis_extra_field_rejected" time="0.001" /><testcase classname="tests.test_vr_review_schemas.TestVenueReadinessVerdictSchema" name="test_invalid_verdict_rejected" time="0.001" /><testcase classname="tests.test_vr_review_schemas.TestVenueReadinessVerdictSchema" name="test_lowercase_verdict_rejected" time="0.001" /><testcase classname="tests.test_vr_review_schemas.TestVenueReadinessVerdictSchema" name="test_missing_verdict_rejected" time="0.003" /><testcase classname="tests.test_vr_review_schemas.TestVenueReadinessVerdictSchema" name="test_missing_unresolved_triggers_rejected" time="0.002" /><testcase classname="tests.test_vr_review_schemas.TestVenueReadinessVerdictSchema" name="test_missing_dimension_synthesis_rejected" time="0.003" /><testcase classname="tests.test_vr_review_schemas.TestVenueReadinessVerdictSchema" name="test_extra_top_level_field_rejected" time="0.003" /><testcase classname="tests.test_vr_review_schemas.TestVenueReadinessVerdictSchema" name="test_gaps_item_missing_gap_rejected" time="0.001" /><testcase classname="tests.test_vr_review_schemas.TestVenueReadinessVerdictSchema" name="test_gaps_item_whitespace_gap_rejected" time="0.001" /><testcase classname="tests.test_vr_review_schemas.TestVenueReadinessVerdictSchema" name="test_gaps_item_missing_stage_rejected" time="0.001" /><testcase classname="tests.test_vr_review_schemas.TestVenueReadinessVerdictSchema" name="test_gaps_item_missing_what_to_add_rejected" time="0.001" /><testcase classname="tests.test_vr_review_schemas.TestVenueReadinessVerdictSchema" name="test_gaps_extra_field_rejected" time="0.001" /><testcase classname="tests.test_vr_select_schemas.TestVenueCandidates" name="test_wellformed_validates" time="0.001" /><testcase classname="tests.test_vr_select_schemas.TestVenueCandidates" name="test_wellformed_multiple_candidates_validates" time="0.001" /><testcase classname="tests.test_vr_select_schemas.TestVenueCandidates" name="test_rank_is_optional" time="0.001" /><testcase classname="tests.test_vr_select_schemas.TestVenueCandidates" name="test_all_tier_enums_validate" time="0.001" /><testcase classname="tests.test_vr_select_schemas.TestVenueCandidates" name="test_all_paper_type_enums_validate" time="0.001" /><testcase classname="tests.test_vr_select_schemas.TestVenueCandidates" name="test_selected_field_rejected" time="0.002" /><testcase classname="tests.test_vr_select_schemas.TestVenueCandidates" name="test_chosen_field_rejected" time="0.001" /><testcase classname="tests.test_vr_select_schemas.TestVenueCandidates" name="test_picked_field_rejected" time="0.001" /><testcase classname="tests.test_vr_select_schemas.TestVenueCandidates" name="test_director_choice_field_rejected" time="0.002" /><testcase classname="tests.test_vr_select_schemas.TestVenueCandidates" name="test_missing_candidates_field_rejected" time="0.002" /><testcase classname="tests.test_vr_select_schemas.TestVenueCandidates" name="test_missing_venue_id_rejected" time="0.001" /><testcase classname="tests.test_vr_select_schemas.TestVenueCandidates" name="test_missing_tier_rejected" time="0.001" /><testcase classname="tests.test_vr_select_schemas.TestVenueCandidates" name="test_missing_paper_type_rejected" time="0.001" /><testcase classname="tests.test_vr_select_schemas.TestVenueCandidates" name="test_missing_hit_reason_rejected" time="0.001" /><testcase classname="tests.test_vr_select_schemas.TestVenueCandidates" name="test_missing_deadliest_reject_trigger_rejected" time="0.001" /><testcase classname="tests.test_vr_select_schemas.TestVenueCandidates" name="test_missing_evidence_ref_rejected" time="0.001" /><testcase classname="tests.test_vr_select_schemas.TestVenueCandidates" name="test_empty_evidence_ref_array_rejected" time="0.001" /><testcase classname="tests.test_vr_select_schemas.TestVenueCandidates" name="test_empty_string_in_evidence_ref_rejected" time="0.001" /><testcase classname="tests.test_vr_select_schemas.TestVenueCandidates" name="test_whitespace_in_evidence_ref_rejected" time="0.001" /><testcase classname="tests.test_vr_select_schemas.TestVenueCandidates" name="test_whitespace_venue_id_rejected" time="0.001" /><testcase classname="tests.test_vr_select_schemas.TestVenueCandidates" name="test_whitespace_hit_reason_rejected" time="0.001" /><testcase classname="tests.test_vr_select_schemas.TestVenueCandidates" name="test_whitespace_deadliest_reject_trigger_rejected" time="0.001" /><testcase classname="tests.test_vr_select_schemas.TestVenueCandidates" name="test_invalid_tier_rejected" time="0.001" /><testcase classname="tests.test_vr_select_schemas.TestVenueCandidates" name="test_invalid_paper_type_rejected" time="0.001" /><testcase classname="tests.test_vr_select_schemas.TestVenueCandidates" name="test_extra_top_level_field_rejected" time="0.002" /><testcase classname="tests.test_vr_select_schemas.TestVenueCandidates" name="test_extra_candidate_field_rejected" time="0.001" /><testcase classname="tests.test_vr_select_schemas.TestVenueCandidates" name="test_empty_candidates_array_rejected" time="0.001" /><testcase classname="tests.test_vr_select_schemas.TestVenueProfile" name="test_wellformed_conf_validates" time="0.001" /><testcase classname="tests.test_vr_select_schemas.TestVenueProfile" name="test_wellformed_journal_validates" time="0.001" /><testcase classname="tests.test_vr_select_schemas.TestVenueProfile" name="test_wellformed_med_application_clinical_validates" time="0.001" /><testcase classname="tests.test_vr_select_schemas.TestVenueProfile" name="test_optional_fields_absent_validates" time="0.001" /><testcase classname="tests.test_vr_select_schemas.TestVenueProfile" name="test_empty_reject_triggers_array_validates" time="0.001" /><testcase classname="tests.test_vr_select_schemas.TestVenueProfile" name="test_trigger_without_our_risk_validates" time="0.001" /><testcase classname="tests.test_vr_select_schemas.TestVenueProfile" name="test_all_tier_enums_validate" time="0.002" /><testcase classname="tests.test_vr_select_schemas.TestVenueProfile" name="test_all_paper_type_enums_validate" time="0.002" /><testcase classname="tests.test_vr_select_schemas.TestVenueProfile" name="test_all_persona_enum_values_validate" time="0.002" /><testcase classname="tests.test_vr_select_schemas.TestVenueProfile" name="test_multiple_reject_triggers_validate" time="0.001" /><testcase classname="tests.test_vr_select_schemas.TestVenueProfile" name="test_missing_venue_id_rejected" time="0.005" /><testcase classname="tests.test_vr_select_schemas.TestVenueProfile" name="test_missing_tier_rejected" time="0.005" /><testcase classname="tests.test_vr_select_schemas.TestVenueProfile" name="test_missing_paper_type_rejected" time="0.004" /><testcase classname="tests.test_vr_select_schemas.TestVenueProfile" name="test_missing_dimension_weights_rejected" time="0.004" /><testcase classname="tests.test_vr_select_schemas.TestVenueProfile" name="test_missing_reject_triggers_rejected" time="0.004" /><testcase classname="tests.test_vr_select_schemas.TestVenueProfile" name="test_missing_accept_condition_rejected" time="0.004" /><testcase classname="tests.test_vr_select_schemas.TestVenueProfile" name="test_missing_personas_rejected" time="0.004" /><testcase classname="tests.test_vr_select_schemas.TestVenueProfile" name="test_missing_evidence_ref_rejected" time="0.005" /><testcase classname="tests.test_vr_select_schemas.TestVenueProfile" name="test_empty_evidence_ref_array_rejected" time="0.001" /><testcase classname="tests.test_vr_select_schemas.TestVenueProfile" name="test_whitespace_evidence_ref_item_rejected" time="0.001" /><testcase classname="tests.test_vr_select_schemas.TestVenueProfile" name="test_empty_string_evidence_ref_item_rejected" time="0.001" /><testcase classname="tests.test_vr_select_schemas.TestVenueProfile" name="test_invalid_tier_rejected" time="0.001" /><testcase classname="tests.test_vr_select_schemas.TestVenueProfile" name="test_invalid_paper_type_rejected" time="0.001" /><testcase classname="tests.test_vr_select_schemas.TestVenueProfile" name="test_invalid_persona_enum_rejected" time="0.001" /><testcase classname="tests.test_vr_select_schemas.TestVenueProfile" name="test_invalid_trigger_dimension_enum_rejected" time="0.001" /><testcase classname="tests.test_vr_select_schemas.TestVenueProfile" name="test_missing_D1_in_dimension_weights_rejected" time="0.002" /><testcase classname="tests.test_vr_select_schemas.TestVenueProfile" name="test_missing_D4_in_dimension_weights_rejected" time="0.002" /><testcase classname="tests.test_vr_select_schemas.TestVenueProfile" name="test_extra_dimension_D8_in_weights_rejected" time="0.002" /><testcase classname="tests.test_vr_select_schemas.TestVenueProfile" name="test_negative_weight_rejected" time="0.001" /><testcase classname="tests.test_vr_select_schemas.TestVenueProfile" name="test_missing_weight_in_dimension_rejected" time="0.001" /><testcase classname="tests.test_vr_select_schemas.TestVenueProfile" name="test_extra_field_in_dimension_rejected" time="0.001" /><testcase classname="tests.test_vr_select_schemas.TestVenueProfile" name="test_missing_trigger_id_rejected" time="0.001" /><testcase classname="tests.test_vr_select_schemas.TestVenueProfile" name="test_missing_trigger_dimension_rejected" time="0.001" /><testcase classname="tests.test_vr_select_schemas.TestVenueProfile" name="test_missing_trigger_description_rejected" time="0.001" /><testcase classname="tests.test_vr_select_schemas.TestVenueProfile" name="test_whitespace_trigger_id_rejected" time="0.001" /><testcase classname="tests.test_vr_select_schemas.TestVenueProfile" name="test_whitespace_trigger_description_rejected" time="0.001" /><testcase classname="tests.test_vr_select_schemas.TestVenueProfile" name="test_extra_field_in_trigger_rejected" time="0.001" /><testcase classname="tests.test_vr_select_schemas.TestVenueProfile" name="test_empty_personas_array_rejected" time="0.001" /><testcase classname="tests.test_vr_select_schemas.TestVenueProfile" name="test_whitespace_accept_condition_rejected" time="0.001" /><testcase classname="tests.test_vr_select_schemas.TestVenueProfile" name="test_extra_top_level_field_rejected" time="0.004" /><testcase classname="tests.test_vr_select_schemas.TestVenueProfile" name="test_selected_field_rejected" time="0.004" /><testcase classname="tests.test_worker_bundle_extractor" name="test_canonical_worker_key_is_copied_without_mutating_bundle" time="0.001" /><testcase classname="tests.test_worker_bundle_extractor" name="test_unique_single_level_wrapper_is_accepted[payload]" time="0.001" /><testcase classname="tests.test_worker_bundle_extractor" name="test_unique_single_level_wrapper_is_accepted[result]" time="0.001" /><testcase classname="tests.test_worker_bundle_extractor" name="test_unique_single_level_wrapper_is_accepted[data]" time="0.001" /><testcase classname="tests.test_worker_bundle_extractor" name="test_direct_and_equal_wrapped_copy_are_accepted" time="0.000" /><testcase classname="tests.test_worker_bundle_extractor" name="test_direct_and_conflicting_wrapped_copy_block" time="0.001" /><testcase classname="tests.test_worker_bundle_extractor" name="test_multiple_wrapper_candidates_block_even_when_equal" time="0.001" /><testcase classname="tests.test_worker_bundle_extractor" name="test_worker_error_envelopes_are_never_treated_as_payload[bundle0]" time="0.001" /><testcase classname="tests.test_worker_bundle_extractor" name="test_worker_error_envelopes_are_never_treated_as_payload[bundle1]" time="0.001" /><testcase classname="tests.test_worker_bundle_extractor" name="test_worker_error_envelopes_are_never_treated_as_payload[bundle2]" time="0.001" /><testcase classname="tests.test_worker_bundle_extractor" name="test_worker_error_envelopes_are_never_treated_as_payload[bundle3]" time="0.001" /><testcase classname="tests.test_worker_bundle_extractor" name="test_worker_error_envelopes_are_never_treated_as_payload[bundle4]" time="0.001" /><testcase classname="tests.test_worker_bundle_extractor" name="test_optional_missing_key_returns_an_independent_default" time="0.001" /><testcase classname="tests.test_worker_bundle_extractor" name="test_wrapper_without_canonical_key_is_not_guessed_as_the_payload" time="0.001" /><testcase classname="tests.test_workspace" name="test_workspace_state_roundtrip" time="0.014" /><testcase classname="tests.test_workspace" name="test_project_runs_newest_first_and_stage" time="0.048" /><testcase classname="tests.test_workspace" name="test_dashboard_gpu_blocker_toggles_with_binding" time="0.044" /><testcase classname="tests.test_workspace" name="test_dashboard_rejected_run_blocker" time="0.055" /><testcase classname="tests.test_workspace" name="test_project_index_hides_archived" time="0.039" /><testcase classname="tests.test_workspace" name="test_write_project_state_snapshot" time="0.037" /></testsuite></testsuites>